2020-02-20 17:12:19,298 0      [  main] DEBUG .logging.InternalLoggerFactory  - Using SLF4J as the default logging framework
2020-02-20 17:12:19,302 4      [  main] DEBUG etty.util.ResourceLeakDetector  - -Dio.netty.leakDetection.level: simple
2020-02-20 17:12:19,302 4      [  main] DEBUG etty.util.ResourceLeakDetector  - -Dio.netty.leakDetection.targetRecords: 4
2020-02-20 17:12:19,326 28     [  main] DEBUG til.internal.PlatformDependent  - Platform: Windows
2020-02-20 17:12:19,328 30     [  main] DEBUG il.internal.PlatformDependent0  - -Dio.netty.noUnsafe: false
2020-02-20 17:12:19,329 31     [  main] DEBUG il.internal.PlatformDependent0  - Java version: 8
2020-02-20 17:12:19,330 32     [  main] DEBUG il.internal.PlatformDependent0  - sun.misc.Unsafe.theUnsafe: available
2020-02-20 17:12:19,332 34     [  main] DEBUG il.internal.PlatformDependent0  - sun.misc.Unsafe.copyMemory: available
2020-02-20 17:12:19,333 35     [  main] DEBUG il.internal.PlatformDependent0  - java.nio.Buffer.address: available
2020-02-20 17:12:19,334 36     [  main] DEBUG il.internal.PlatformDependent0  - direct buffer constructor: available
2020-02-20 17:12:19,335 37     [  main] DEBUG il.internal.PlatformDependent0  - java.nio.Bits.unaligned: available, true
2020-02-20 17:12:19,335 37     [  main] DEBUG il.internal.PlatformDependent0  - jdk.internal.misc.Unsafe.allocateUninitializedArray(int): unavailable prior to Java9
2020-02-20 17:12:19,335 37     [  main] DEBUG il.internal.PlatformDependent0  - java.nio.DirectByteBuffer.<init>(long, int): available
2020-02-20 17:12:19,335 37     [  main] DEBUG til.internal.PlatformDependent  - sun.misc.Unsafe: available
2020-02-20 17:12:19,335 37     [  main] DEBUG til.internal.PlatformDependent  - -Dio.netty.tmpdir: C:\Users\12986\AppData\Local\Temp (java.io.tmpdir)
2020-02-20 17:12:19,336 38     [  main] DEBUG til.internal.PlatformDependent  - -Dio.netty.bitMode: 64 (sun.arch.data.model)
2020-02-20 17:12:19,337 39     [  main] DEBUG til.internal.PlatformDependent  - -Dio.netty.maxDirectMemory: 4725932032 bytes
2020-02-20 17:12:19,337 39     [  main] DEBUG til.internal.PlatformDependent  - -Dio.netty.uninitializedArrayAllocationThreshold: -1
2020-02-20 17:12:19,339 41     [  main] DEBUG tty.util.internal.CleanerJava6  - java.nio.ByteBuffer.cleaner(): available
2020-02-20 17:12:19,339 41     [  main] DEBUG til.internal.PlatformDependent  - -Dio.netty.noPreferDirect: false
2020-02-20 17:12:19,355 57     [  main] DEBUG o.netty.buffer.AbstractByteBuf  - -Dio.netty.buffer.checkAccessible: true
2020-02-20 17:12:19,356 58     [  main] DEBUG o.netty.buffer.AbstractByteBuf  - -Dio.netty.buffer.checkBounds: true
2020-02-20 17:12:19,358 60     [  main] DEBUG il.ResourceLeakDetectorFactory  - Loaded default ResourceLeakDetector: io.netty.util.ResourceLeakDetector@1a407d53
2020-02-20 17:17:10,919 0      [  main] DEBUG .logging.InternalLoggerFactory  - Using SLF4J as the default logging framework
2020-02-20 17:17:10,922 3      [  main] DEBUG etty.util.ResourceLeakDetector  - -Dio.netty.leakDetection.level: simple
2020-02-20 17:17:10,922 3      [  main] DEBUG etty.util.ResourceLeakDetector  - -Dio.netty.leakDetection.targetRecords: 4
2020-02-20 17:17:10,945 26     [  main] DEBUG til.internal.PlatformDependent  - Platform: Windows
2020-02-20 17:17:10,947 28     [  main] DEBUG il.internal.PlatformDependent0  - -Dio.netty.noUnsafe: false
2020-02-20 17:17:10,948 29     [  main] DEBUG il.internal.PlatformDependent0  - Java version: 8
2020-02-20 17:17:10,949 30     [  main] DEBUG il.internal.PlatformDependent0  - sun.misc.Unsafe.theUnsafe: available
2020-02-20 17:17:10,950 31     [  main] DEBUG il.internal.PlatformDependent0  - sun.misc.Unsafe.copyMemory: available
2020-02-20 17:17:10,951 32     [  main] DEBUG il.internal.PlatformDependent0  - java.nio.Buffer.address: available
2020-02-20 17:17:10,952 33     [  main] DEBUG il.internal.PlatformDependent0  - direct buffer constructor: available
2020-02-20 17:17:10,953 34     [  main] DEBUG il.internal.PlatformDependent0  - java.nio.Bits.unaligned: available, true
2020-02-20 17:17:10,954 35     [  main] DEBUG il.internal.PlatformDependent0  - jdk.internal.misc.Unsafe.allocateUninitializedArray(int): unavailable prior to Java9
2020-02-20 17:17:10,954 35     [  main] DEBUG il.internal.PlatformDependent0  - java.nio.DirectByteBuffer.<init>(long, int): available
2020-02-20 17:17:10,954 35     [  main] DEBUG til.internal.PlatformDependent  - sun.misc.Unsafe: available
2020-02-20 17:17:10,955 36     [  main] DEBUG til.internal.PlatformDependent  - -Dio.netty.tmpdir: C:\Users\12986\AppData\Local\Temp (java.io.tmpdir)
2020-02-20 17:17:10,955 36     [  main] DEBUG til.internal.PlatformDependent  - -Dio.netty.bitMode: 64 (sun.arch.data.model)
2020-02-20 17:17:10,957 38     [  main] DEBUG til.internal.PlatformDependent  - -Dio.netty.maxDirectMemory: 4725932032 bytes
2020-02-20 17:17:10,957 38     [  main] DEBUG til.internal.PlatformDependent  - -Dio.netty.uninitializedArrayAllocationThreshold: -1
2020-02-20 17:17:10,958 39     [  main] DEBUG tty.util.internal.CleanerJava6  - java.nio.ByteBuffer.cleaner(): available
2020-02-20 17:17:10,960 41     [  main] DEBUG til.internal.PlatformDependent  - -Dio.netty.noPreferDirect: false
2020-02-20 17:17:10,975 56     [  main] DEBUG o.netty.buffer.AbstractByteBuf  - -Dio.netty.buffer.checkAccessible: true
2020-02-20 17:17:10,975 56     [  main] DEBUG o.netty.buffer.AbstractByteBuf  - -Dio.netty.buffer.checkBounds: true
2020-02-20 17:17:10,977 58     [  main] DEBUG il.ResourceLeakDetectorFactory  - Loaded default ResourceLeakDetector: io.netty.util.ResourceLeakDetector@1a407d53
2020-02-20 20:05:37,673 0      [  main] DEBUG .logging.InternalLoggerFactory  - Using SLF4J as the default logging framework
2020-02-20 20:05:37,677 4      [  main] DEBUG etty.util.ResourceLeakDetector  - -Dio.netty.leakDetection.level: simple
2020-02-20 20:05:37,678 5      [  main] DEBUG etty.util.ResourceLeakDetector  - -Dio.netty.leakDetection.targetRecords: 4
2020-02-20 20:05:37,703 30     [  main] DEBUG til.internal.PlatformDependent  - Platform: Windows
2020-02-20 20:05:37,705 32     [  main] DEBUG il.internal.PlatformDependent0  - -Dio.netty.noUnsafe: false
2020-02-20 20:05:37,705 32     [  main] DEBUG il.internal.PlatformDependent0  - Java version: 8
2020-02-20 20:05:37,709 36     [  main] DEBUG il.internal.PlatformDependent0  - sun.misc.Unsafe.theUnsafe: available
2020-02-20 20:05:37,710 37     [  main] DEBUG il.internal.PlatformDependent0  - sun.misc.Unsafe.copyMemory: available
2020-02-20 20:05:37,711 38     [  main] DEBUG il.internal.PlatformDependent0  - java.nio.Buffer.address: available
2020-02-20 20:05:37,711 38     [  main] DEBUG il.internal.PlatformDependent0  - direct buffer constructor: available
2020-02-20 20:05:37,712 39     [  main] DEBUG il.internal.PlatformDependent0  - java.nio.Bits.unaligned: available, true
2020-02-20 20:05:37,712 39     [  main] DEBUG il.internal.PlatformDependent0  - jdk.internal.misc.Unsafe.allocateUninitializedArray(int): unavailable prior to Java9
2020-02-20 20:05:37,712 39     [  main] DEBUG il.internal.PlatformDependent0  - java.nio.DirectByteBuffer.<init>(long, int): available
2020-02-20 20:05:37,713 40     [  main] DEBUG til.internal.PlatformDependent  - sun.misc.Unsafe: available
2020-02-20 20:05:37,713 40     [  main] DEBUG til.internal.PlatformDependent  - -Dio.netty.tmpdir: C:\Users\12986\AppData\Local\Temp (java.io.tmpdir)
2020-02-20 20:05:37,713 40     [  main] DEBUG til.internal.PlatformDependent  - -Dio.netty.bitMode: 64 (sun.arch.data.model)
2020-02-20 20:05:37,715 42     [  main] DEBUG til.internal.PlatformDependent  - -Dio.netty.maxDirectMemory: 4725932032 bytes
2020-02-20 20:05:37,715 42     [  main] DEBUG til.internal.PlatformDependent  - -Dio.netty.uninitializedArrayAllocationThreshold: -1
2020-02-20 20:05:37,716 43     [  main] DEBUG tty.util.internal.CleanerJava6  - java.nio.ByteBuffer.cleaner(): available
2020-02-20 20:05:37,716 43     [  main] DEBUG til.internal.PlatformDependent  - -Dio.netty.noPreferDirect: false
2020-02-20 20:05:37,727 54     [  main] DEBUG o.netty.buffer.AbstractByteBuf  - -Dio.netty.buffer.checkAccessible: true
2020-02-20 20:05:37,727 54     [  main] DEBUG o.netty.buffer.AbstractByteBuf  - -Dio.netty.buffer.checkBounds: true
2020-02-20 20:05:37,729 56     [  main] DEBUG il.ResourceLeakDetectorFactory  - Loaded default ResourceLeakDetector: io.netty.util.ResourceLeakDetector@1a407d53
2020-02-20 20:53:43,906 0      [  main] DEBUG .logging.InternalLoggerFactory  - Using SLF4J as the default logging framework
2020-02-20 20:53:43,911 5      [  main] DEBUG etty.util.ResourceLeakDetector  - -Dio.netty.leakDetection.level: simple
2020-02-20 20:53:43,912 6      [  main] DEBUG etty.util.ResourceLeakDetector  - -Dio.netty.leakDetection.targetRecords: 4
2020-02-20 20:53:43,936 30     [  main] DEBUG til.internal.PlatformDependent  - Platform: Windows
2020-02-20 20:53:43,938 32     [  main] DEBUG il.internal.PlatformDependent0  - -Dio.netty.noUnsafe: false
2020-02-20 20:53:43,938 32     [  main] DEBUG il.internal.PlatformDependent0  - Java version: 8
2020-02-20 20:53:43,940 34     [  main] DEBUG il.internal.PlatformDependent0  - sun.misc.Unsafe.theUnsafe: available
2020-02-20 20:53:43,942 36     [  main] DEBUG il.internal.PlatformDependent0  - sun.misc.Unsafe.copyMemory: available
2020-02-20 20:53:43,943 37     [  main] DEBUG il.internal.PlatformDependent0  - java.nio.Buffer.address: available
2020-02-20 20:53:43,944 38     [  main] DEBUG il.internal.PlatformDependent0  - direct buffer constructor: available
2020-02-20 20:53:43,945 39     [  main] DEBUG il.internal.PlatformDependent0  - java.nio.Bits.unaligned: available, true
2020-02-20 20:53:43,945 39     [  main] DEBUG il.internal.PlatformDependent0  - jdk.internal.misc.Unsafe.allocateUninitializedArray(int): unavailable prior to Java9
2020-02-20 20:53:43,945 39     [  main] DEBUG il.internal.PlatformDependent0  - java.nio.DirectByteBuffer.<init>(long, int): available
2020-02-20 20:53:43,945 39     [  main] DEBUG til.internal.PlatformDependent  - sun.misc.Unsafe: available
2020-02-20 20:53:43,945 39     [  main] DEBUG til.internal.PlatformDependent  - -Dio.netty.tmpdir: C:\Users\12986\AppData\Local\Temp (java.io.tmpdir)
2020-02-20 20:53:43,946 40     [  main] DEBUG til.internal.PlatformDependent  - -Dio.netty.bitMode: 64 (sun.arch.data.model)
2020-02-20 20:53:43,947 41     [  main] DEBUG til.internal.PlatformDependent  - -Dio.netty.maxDirectMemory: 4725932032 bytes
2020-02-20 20:53:43,947 41     [  main] DEBUG til.internal.PlatformDependent  - -Dio.netty.uninitializedArrayAllocationThreshold: -1
2020-02-20 20:53:43,950 44     [  main] DEBUG tty.util.internal.CleanerJava6  - java.nio.ByteBuffer.cleaner(): available
2020-02-20 20:53:43,950 44     [  main] DEBUG til.internal.PlatformDependent  - -Dio.netty.noPreferDirect: false
2020-02-20 20:53:43,964 58     [  main] DEBUG o.netty.buffer.AbstractByteBuf  - -Dio.netty.buffer.checkAccessible: true
2020-02-20 20:53:43,964 58     [  main] DEBUG o.netty.buffer.AbstractByteBuf  - -Dio.netty.buffer.checkBounds: true
2020-02-20 20:53:43,966 60     [  main] DEBUG il.ResourceLeakDetectorFactory  - Loaded default ResourceLeakDetector: io.netty.util.ResourceLeakDetector@1a407d53
