2020-02-18 18:22:06,910 0      [  main] INFO  org.apache.zookeeper.ZooKeeper  - Client environment:zookeeper.version=3.4.14-4c25d480e66aadd371de8bd2fd8da255ac140bcf, built on 03/06/2019 16:18 GMT
2020-02-18 18:22:06,912 2      [  main] INFO  org.apache.zookeeper.ZooKeeper  - Client environment:host.name=DESKTOP-7H84K93
2020-02-18 18:22:06,912 2      [  main] INFO  org.apache.zookeeper.ZooKeeper  - Client environment:java.version=1.8.0_221
2020-02-18 18:22:06,912 2      [  main] INFO  org.apache.zookeeper.ZooKeeper  - Client environment:java.vendor=Oracle Corporation
2020-02-18 18:22:06,912 2      [  main] INFO  org.apache.zookeeper.ZooKeeper  - Client environment:java.home=C:\Program Files\Java\jdk1.8.0_221\jre
2020-02-18 18:22:06,912 2      [  main] INFO  org.apache.zookeeper.ZooKeeper  - Client environment:java.class.path=C:\Program Files\JetBrains\IntelliJ IDEA 2018.3.4\lib\idea_rt.jar;C:\Program Files\JetBrains\IntelliJ IDEA 2018.3.4\plugins\junit\lib\junit-rt.jar;C:\Program Files\JetBrains\IntelliJ IDEA 2018.3.4\plugins\junit\lib\junit5-rt.jar;C:\Program Files\Java\jdk1.8.0_221\jre\lib\charsets.jar;C:\Program Files\Java\jdk1.8.0_221\jre\lib\deploy.jar;C:\Program Files\Java\jdk1.8.0_221\jre\lib\ext\access-bridge-64.jar;C:\Program Files\Java\jdk1.8.0_221\jre\lib\ext\cldrdata.jar;C:\Program Files\Java\jdk1.8.0_221\jre\lib\ext\dnsns.jar;C:\Program Files\Java\jdk1.8.0_221\jre\lib\ext\jaccess.jar;C:\Program Files\Java\jdk1.8.0_221\jre\lib\ext\jfxrt.jar;C:\Program Files\Java\jdk1.8.0_221\jre\lib\ext\localedata.jar;C:\Program Files\Java\jdk1.8.0_221\jre\lib\ext\nashorn.jar;C:\Program Files\Java\jdk1.8.0_221\jre\lib\ext\sunec.jar;C:\Program Files\Java\jdk1.8.0_221\jre\lib\ext\sunjce_provider.jar;C:\Program Files\Java\jdk1.8.0_221\jre\lib\ext\sunmscapi.jar;C:\Program Files\Java\jdk1.8.0_221\jre\lib\ext\sunpkcs11.jar;C:\Program Files\Java\jdk1.8.0_221\jre\lib\ext\zipfs.jar;C:\Program Files\Java\jdk1.8.0_221\jre\lib\javaws.jar;C:\Program Files\Java\jdk1.8.0_221\jre\lib\jce.jar;C:\Program Files\Java\jdk1.8.0_221\jre\lib\jfr.jar;C:\Program Files\Java\jdk1.8.0_221\jre\lib\jfxswt.jar;C:\Program Files\Java\jdk1.8.0_221\jre\lib\jsse.jar;C:\Program Files\Java\jdk1.8.0_221\jre\lib\management-agent.jar;C:\Program Files\Java\jdk1.8.0_221\jre\lib\plugin.jar;C:\Program Files\Java\jdk1.8.0_221\jre\lib\resources.jar;C:\Program Files\Java\jdk1.8.0_221\jre\lib\rt.jar;D:\代码库\分布式聊天框架\chat-framework\chat-core\target\test-classes;D:\代码库\分布式聊天框架\chat-framework\chat-core\target\classes;C:\Users\12986\.m2\repository\org\msgpack\msgpack\0.6.12\msgpack-0.6.12.jar;C:\Users\12986\.m2\repository\com\googlecode\json-simple\json-simple\1.1.1\json-simple-1.1.1.jar;C:\Users\12986\.m2\repository\org\javassist\javassist\3.18.1-GA\javassist-3.18.1-GA.jar;C:\Users\12986\.m2\repository\com\alibaba\fastjson\1.2.58\fastjson-1.2.58.jar;C:\Users\12986\.m2\repository\junit\junit\4.12\junit-4.12.jar;C:\Users\12986\.m2\repository\org\hamcrest\hamcrest-core\1.3\hamcrest-core-1.3.jar;C:\Users\12986\.m2\repository\io\netty\netty-all\4.1.36.Final\netty-all-4.1.36.Final.jar;C:\Users\12986\.m2\repository\redis\clients\jedis\3.1.0\jedis-3.1.0.jar;C:\Users\12986\.m2\repository\org\apache\commons\commons-pool2\2.6.2\commons-pool2-2.6.2.jar;C:\Users\12986\.m2\repository\org\slf4j\slf4j-api\1.7.21\slf4j-api-1.7.21.jar;C:\Users\12986\.m2\repository\org\apache\zookeeper\zookeeper\3.4.14\zookeeper-3.4.14.jar;C:\Users\12986\.m2\repository\org\slf4j\slf4j-log4j12\1.7.25\slf4j-log4j12-1.7.25.jar;C:\Users\12986\.m2\repository\com\github\spotbugs\spotbugs-annotations\3.1.9\spotbugs-annotations-3.1.9.jar;C:\Users\12986\.m2\repository\com\google\code\findbugs\jsr305\3.0.2\jsr305-3.0.2.jar;C:\Users\12986\.m2\repository\log4j\log4j\1.2.17\log4j-1.2.17.jar;C:\Users\12986\.m2\repository\jline\jline\0.9.94\jline-0.9.94.jar;C:\Users\12986\.m2\repository\org\apache\yetus\audience-annotations\0.5.0\audience-annotations-0.5.0.jar;C:\Users\12986\.m2\repository\io\netty\netty\3.10.6.Final\netty-3.10.6.Final.jar;C:\Program Files\JetBrains\IntelliJ IDEA 2018.3.4\lib\idea_rt.jar
2020-02-18 18:22:06,921 11     [  main] INFO  org.apache.zookeeper.ZooKeeper  - Client environment:java.library.path=C:\Program Files\Java\jdk1.8.0_221\bin;C:\WINDOWS\Sun\Java\bin;C:\WINDOWS\system32;C:\WINDOWS;C:\Program Files (x86)\Common Files\Oracle\Java\javapath;D:\软件\xshell\Xlpd 6\;D:\软件\xshell\Xshell 6\;D:\软件\xshell\Xmanager 6\;\Program Files (x86)\Intel\Intel(R) Management Engine Components\iCLS\;C:\Program Files\Intel\Intel(R) Management Engine Components\iCLS\;C:\Windows\system32;C:\Windows;C:\Windows\System32\Wbem;C:\Windows\System32\WindowsPowerShell\v1.0\;C:\Windows\System32\OpenSSH\;C:\Program Files (x86)\Intel\Intel(R) Management Engine Components\DAL;C:\Program Files\Intel\Intel(R) Management Engine Components\DAL;C:\Program Files (x86)\Intel\Intel(R) Management Engine Components\IPT;C:\Program Files\Intel\Intel(R) Management Engine Components\IPT;C:\Program Files (x86)\NVIDIA Corporation\PhysX\Common;C:\Program Files\Intel\WiFi\bin\;C:\Program Files\Common Files\Intel\WirelessCommon\;C:\Program Files\MySQL\MySQL Server 5.7\bin;C:\WINDOWS\system32;C:\WINDOWS;C:\WINDOWS\System32\Wbem;C:\WINDOWS\System32\WindowsPowerShell\v1.0\;C:\WINDOWS\System32\OpenSSH\;D:\New Folder\;D:\apache-maven-3.6.1-bin\apache-maven-3.6.1\bin\;D:\软件\subVersion\bin;\Program Files\TortoiseSVN\bin;%ERLANG_HOME%\bin;C:\Program Files\Microsoft VS Code\bin;C:\Users\12986\AppData\Local\Programs\Python\Python37;D:\anaconda3\Scripts;C:\Users\12986\AppData\Roaming\npm;D:\包\gradle-5.5.1\bin;D:\Git\Git\bin;D:\软件\apache-cxf-3.3.3\apache-cxf-3.3.3\bin;D:\软件\hadoop\hadoop-2.7.7\bin;D:\软件\hadoop\hadoop-2.7.7\sbin;C:\Program Files\Java\jdk1.8.0_221\lib;C:\Program Files\Java\jdk1.8.0_221\jre\bin;D:\apache-maven-3.6.1-bin\apache-maven-3.6.1\bin;C:\Program Files (x86)\scala\bin;C:\Program Files (x86)\scala\jre\bin;C:\Program Files\Java\jdk1.8.0_221\bin;C:\Go\bin;D:\包\lua-5.3.5_Win32_bin;C:\MinGW\bin;D:\包\flutter-master\bin;D:\anaconda3;D:\anaconda3\Library\mingw-w64\bin;D:\anaconda3\Library\usr\bin;D:\anaconda3\Library\bin;D:\anaconda3\Scripts;C:\Users\12986\AppData\Local\Programs\Python\Python37\Scripts\;C:\Users\12986\AppData\Local\Programs\Python\Python37\;C:\Users\12986\AppData\Local\Microsoft\WindowsApps;C:\Program Files\Intel\WiFi\bin\;C:\Program Files\Common Files\Intel\WirelessCommon\;C:\IntelliJ IDEA 2018.3.4\bin;C:\Users\12986\AppData\Roaming\npm;C:\python\PyCharm Community Edition 2019.2\bin;C:\Program Files\Java\jdk1.8.0_221\bin;%USERPROFILE%\go\bin;C:\Users\12986\AppData\Local\hyper\app-3.0.2\resources\bin;.
2020-02-18 18:22:06,922 12     [  main] INFO  org.apache.zookeeper.ZooKeeper  - Client environment:java.io.tmpdir=C:\Users\12986\AppData\Local\Temp\
2020-02-18 18:22:06,928 18     [  main] INFO  org.apache.zookeeper.ZooKeeper  - Client environment:java.compiler=<NA>
2020-02-18 18:22:06,928 18     [  main] INFO  org.apache.zookeeper.ZooKeeper  - Client environment:os.name=Windows 10
2020-02-18 18:22:06,929 19     [  main] INFO  org.apache.zookeeper.ZooKeeper  - Client environment:os.arch=amd64
2020-02-18 18:22:06,929 19     [  main] INFO  org.apache.zookeeper.ZooKeeper  - Client environment:os.version=10.0
2020-02-18 18:22:06,929 19     [  main] INFO  org.apache.zookeeper.ZooKeeper  - Client environment:user.name=12986
2020-02-18 18:22:06,929 19     [  main] INFO  org.apache.zookeeper.ZooKeeper  - Client environment:user.home=C:\Users\12986
2020-02-18 18:22:06,929 19     [  main] INFO  org.apache.zookeeper.ZooKeeper  - Client environment:user.dir=D:\代码库\分布式聊天框架\chat-framework\chat-core
2020-02-18 18:22:06,931 21     [  main] INFO  org.apache.zookeeper.ZooKeeper  - Initiating client connection, connectString=47.93.251.248:2181 sessionTimeout=2000 watcher=com.chat.core.register.ZKRegistryServiceTest$1@27abe2cd
2020-02-18 18:22:06,936 26     [  main] DEBUG rg.apache.zookeeper.ClientCnxn  - zookeeper.disableAutoWatchReset is false
2020-02-18 18:23:10,854 0      [  main] INFO  org.apache.zookeeper.ZooKeeper  - Client environment:zookeeper.version=3.4.14-4c25d480e66aadd371de8bd2fd8da255ac140bcf, built on 03/06/2019 16:18 GMT
2020-02-18 18:23:10,856 2      [  main] INFO  org.apache.zookeeper.ZooKeeper  - Client environment:host.name=DESKTOP-7H84K93
2020-02-18 18:23:10,856 2      [  main] INFO  org.apache.zookeeper.ZooKeeper  - Client environment:java.version=1.8.0_221
2020-02-18 18:23:10,856 2      [  main] INFO  org.apache.zookeeper.ZooKeeper  - Client environment:java.vendor=Oracle Corporation
2020-02-18 18:23:10,856 2      [  main] INFO  org.apache.zookeeper.ZooKeeper  - Client environment:java.home=C:\Program Files\Java\jdk1.8.0_221\jre
2020-02-18 18:23:10,856 2      [  main] INFO  org.apache.zookeeper.ZooKeeper  - Client environment:java.class.path=C:\Program Files\JetBrains\IntelliJ IDEA 2018.3.4\lib\idea_rt.jar;C:\Program Files\JetBrains\IntelliJ IDEA 2018.3.4\plugins\junit\lib\junit-rt.jar;C:\Program Files\JetBrains\IntelliJ IDEA 2018.3.4\plugins\junit\lib\junit5-rt.jar;C:\Program Files\Java\jdk1.8.0_221\jre\lib\charsets.jar;C:\Program Files\Java\jdk1.8.0_221\jre\lib\deploy.jar;C:\Program Files\Java\jdk1.8.0_221\jre\lib\ext\access-bridge-64.jar;C:\Program Files\Java\jdk1.8.0_221\jre\lib\ext\cldrdata.jar;C:\Program Files\Java\jdk1.8.0_221\jre\lib\ext\dnsns.jar;C:\Program Files\Java\jdk1.8.0_221\jre\lib\ext\jaccess.jar;C:\Program Files\Java\jdk1.8.0_221\jre\lib\ext\jfxrt.jar;C:\Program Files\Java\jdk1.8.0_221\jre\lib\ext\localedata.jar;C:\Program Files\Java\jdk1.8.0_221\jre\lib\ext\nashorn.jar;C:\Program Files\Java\jdk1.8.0_221\jre\lib\ext\sunec.jar;C:\Program Files\Java\jdk1.8.0_221\jre\lib\ext\sunjce_provider.jar;C:\Program Files\Java\jdk1.8.0_221\jre\lib\ext\sunmscapi.jar;C:\Program Files\Java\jdk1.8.0_221\jre\lib\ext\sunpkcs11.jar;C:\Program Files\Java\jdk1.8.0_221\jre\lib\ext\zipfs.jar;C:\Program Files\Java\jdk1.8.0_221\jre\lib\javaws.jar;C:\Program Files\Java\jdk1.8.0_221\jre\lib\jce.jar;C:\Program Files\Java\jdk1.8.0_221\jre\lib\jfr.jar;C:\Program Files\Java\jdk1.8.0_221\jre\lib\jfxswt.jar;C:\Program Files\Java\jdk1.8.0_221\jre\lib\jsse.jar;C:\Program Files\Java\jdk1.8.0_221\jre\lib\management-agent.jar;C:\Program Files\Java\jdk1.8.0_221\jre\lib\plugin.jar;C:\Program Files\Java\jdk1.8.0_221\jre\lib\resources.jar;C:\Program Files\Java\jdk1.8.0_221\jre\lib\rt.jar;D:\代码库\分布式聊天框架\chat-framework\chat-core\target\test-classes;D:\代码库\分布式聊天框架\chat-framework\chat-core\target\classes;C:\Users\12986\.m2\repository\org\msgpack\msgpack\0.6.12\msgpack-0.6.12.jar;C:\Users\12986\.m2\repository\com\googlecode\json-simple\json-simple\1.1.1\json-simple-1.1.1.jar;C:\Users\12986\.m2\repository\org\javassist\javassist\3.18.1-GA\javassist-3.18.1-GA.jar;C:\Users\12986\.m2\repository\com\alibaba\fastjson\1.2.58\fastjson-1.2.58.jar;C:\Users\12986\.m2\repository\junit\junit\4.12\junit-4.12.jar;C:\Users\12986\.m2\repository\org\hamcrest\hamcrest-core\1.3\hamcrest-core-1.3.jar;C:\Users\12986\.m2\repository\io\netty\netty-all\4.1.36.Final\netty-all-4.1.36.Final.jar;C:\Users\12986\.m2\repository\redis\clients\jedis\3.1.0\jedis-3.1.0.jar;C:\Users\12986\.m2\repository\org\apache\commons\commons-pool2\2.6.2\commons-pool2-2.6.2.jar;C:\Users\12986\.m2\repository\org\slf4j\slf4j-api\1.7.21\slf4j-api-1.7.21.jar;C:\Users\12986\.m2\repository\org\apache\zookeeper\zookeeper\3.4.14\zookeeper-3.4.14.jar;C:\Users\12986\.m2\repository\org\slf4j\slf4j-log4j12\1.7.25\slf4j-log4j12-1.7.25.jar;C:\Users\12986\.m2\repository\com\github\spotbugs\spotbugs-annotations\3.1.9\spotbugs-annotations-3.1.9.jar;C:\Users\12986\.m2\repository\com\google\code\findbugs\jsr305\3.0.2\jsr305-3.0.2.jar;C:\Users\12986\.m2\repository\log4j\log4j\1.2.17\log4j-1.2.17.jar;C:\Users\12986\.m2\repository\jline\jline\0.9.94\jline-0.9.94.jar;C:\Users\12986\.m2\repository\org\apache\yetus\audience-annotations\0.5.0\audience-annotations-0.5.0.jar;C:\Users\12986\.m2\repository\io\netty\netty\3.10.6.Final\netty-3.10.6.Final.jar;C:\Program Files\JetBrains\IntelliJ IDEA 2018.3.4\lib\idea_rt.jar
2020-02-18 18:23:10,856 2      [  main] INFO  org.apache.zookeeper.ZooKeeper  - Client environment:java.library.path=C:\Program Files\Java\jdk1.8.0_221\bin;C:\WINDOWS\Sun\Java\bin;C:\WINDOWS\system32;C:\WINDOWS;C:\Program Files (x86)\Common Files\Oracle\Java\javapath;D:\软件\xshell\Xlpd 6\;D:\软件\xshell\Xshell 6\;D:\软件\xshell\Xmanager 6\;\Program Files (x86)\Intel\Intel(R) Management Engine Components\iCLS\;C:\Program Files\Intel\Intel(R) Management Engine Components\iCLS\;C:\Windows\system32;C:\Windows;C:\Windows\System32\Wbem;C:\Windows\System32\WindowsPowerShell\v1.0\;C:\Windows\System32\OpenSSH\;C:\Program Files (x86)\Intel\Intel(R) Management Engine Components\DAL;C:\Program Files\Intel\Intel(R) Management Engine Components\DAL;C:\Program Files (x86)\Intel\Intel(R) Management Engine Components\IPT;C:\Program Files\Intel\Intel(R) Management Engine Components\IPT;C:\Program Files (x86)\NVIDIA Corporation\PhysX\Common;C:\Program Files\Intel\WiFi\bin\;C:\Program Files\Common Files\Intel\WirelessCommon\;C:\Program Files\MySQL\MySQL Server 5.7\bin;C:\WINDOWS\system32;C:\WINDOWS;C:\WINDOWS\System32\Wbem;C:\WINDOWS\System32\WindowsPowerShell\v1.0\;C:\WINDOWS\System32\OpenSSH\;D:\New Folder\;D:\apache-maven-3.6.1-bin\apache-maven-3.6.1\bin\;D:\软件\subVersion\bin;\Program Files\TortoiseSVN\bin;%ERLANG_HOME%\bin;C:\Program Files\Microsoft VS Code\bin;C:\Users\12986\AppData\Local\Programs\Python\Python37;D:\anaconda3\Scripts;C:\Users\12986\AppData\Roaming\npm;D:\包\gradle-5.5.1\bin;D:\Git\Git\bin;D:\软件\apache-cxf-3.3.3\apache-cxf-3.3.3\bin;D:\软件\hadoop\hadoop-2.7.7\bin;D:\软件\hadoop\hadoop-2.7.7\sbin;C:\Program Files\Java\jdk1.8.0_221\lib;C:\Program Files\Java\jdk1.8.0_221\jre\bin;D:\apache-maven-3.6.1-bin\apache-maven-3.6.1\bin;C:\Program Files (x86)\scala\bin;C:\Program Files (x86)\scala\jre\bin;C:\Program Files\Java\jdk1.8.0_221\bin;C:\Go\bin;D:\包\lua-5.3.5_Win32_bin;C:\MinGW\bin;D:\包\flutter-master\bin;D:\anaconda3;D:\anaconda3\Library\mingw-w64\bin;D:\anaconda3\Library\usr\bin;D:\anaconda3\Library\bin;D:\anaconda3\Scripts;C:\Users\12986\AppData\Local\Programs\Python\Python37\Scripts\;C:\Users\12986\AppData\Local\Programs\Python\Python37\;C:\Users\12986\AppData\Local\Microsoft\WindowsApps;C:\Program Files\Intel\WiFi\bin\;C:\Program Files\Common Files\Intel\WirelessCommon\;C:\IntelliJ IDEA 2018.3.4\bin;C:\Users\12986\AppData\Roaming\npm;C:\python\PyCharm Community Edition 2019.2\bin;C:\Program Files\Java\jdk1.8.0_221\bin;%USERPROFILE%\go\bin;C:\Users\12986\AppData\Local\hyper\app-3.0.2\resources\bin;.
2020-02-18 18:23:10,857 3      [  main] INFO  org.apache.zookeeper.ZooKeeper  - Client environment:java.io.tmpdir=C:\Users\12986\AppData\Local\Temp\
2020-02-18 18:23:10,857 3      [  main] INFO  org.apache.zookeeper.ZooKeeper  - Client environment:java.compiler=<NA>
2020-02-18 18:23:10,857 3      [  main] INFO  org.apache.zookeeper.ZooKeeper  - Client environment:os.name=Windows 10
2020-02-18 18:23:10,857 3      [  main] INFO  org.apache.zookeeper.ZooKeeper  - Client environment:os.arch=amd64
2020-02-18 18:23:10,857 3      [  main] INFO  org.apache.zookeeper.ZooKeeper  - Client environment:os.version=10.0
2020-02-18 18:23:10,857 3      [  main] INFO  org.apache.zookeeper.ZooKeeper  - Client environment:user.name=12986
2020-02-18 18:23:10,857 3      [  main] INFO  org.apache.zookeeper.ZooKeeper  - Client environment:user.home=C:\Users\12986
2020-02-18 18:23:10,857 3      [  main] INFO  org.apache.zookeeper.ZooKeeper  - Client environment:user.dir=D:\代码库\分布式聊天框架\chat-framework\chat-core
2020-02-18 18:23:10,859 5      [  main] INFO  org.apache.zookeeper.ZooKeeper  - Initiating client connection, connectString=47.93.251.248:2181 sessionTimeout=2000 watcher=com.chat.core.register.ZKRegistryServiceTest$1@27abe2cd
2020-02-18 18:23:10,862 8      [  main] DEBUG rg.apache.zookeeper.ClientCnxn  - zookeeper.disableAutoWatchReset is false
2020-02-18 18:23:29,341 18487  [:2181)] DEBUG .zookeeper.SaslServerPrincipal  - Canonicalized address to 47.93.251.248
2020-02-18 18:23:29,349 18495  [:2181)] INFO  rg.apache.zookeeper.ClientCnxn  - Opening socket connection to server 47.93.251.248/47.93.251.248:2181. Will not attempt to authenticate using SASL (unknown error)
2020-02-18 18:23:29,352 18498  [:2181)] WARN  rg.apache.zookeeper.ClientCnxn  - Client session timed out, have not heard from server in 18078ms for sessionid 0x0
2020-02-18 18:23:29,352 18498  [:2181)] INFO  rg.apache.zookeeper.ClientCnxn  - Client session timed out, have not heard from server in 18078ms for sessionid 0x0, closing socket connection and attempting reconnect
2020-02-18 18:23:29,353 18499  [:2181)] DEBUG .zookeeper.ClientCnxnSocketNIO  - Ignoring exception during shutdown input
java.net.SocketException: Socket is not connected
	at sun.nio.ch.Net.translateToSocketException(Net.java:123)
	at sun.nio.ch.Net.translateException(Net.java:157)
	at sun.nio.ch.Net.translateException(Net.java:163)
	at sun.nio.ch.SocketAdaptor.shutdownInput(SocketAdaptor.java:401)
	at org.apache.zookeeper.ClientCnxnSocketNIO.cleanup(ClientCnxnSocketNIO.java:200)
	at org.apache.zookeeper.ClientCnxn$SendThread.cleanup(ClientCnxn.java:1246)
	at org.apache.zookeeper.ClientCnxn$SendThread.run(ClientCnxn.java:1170)
Caused by: java.nio.channels.NotYetConnectedException
	at sun.nio.ch.SocketChannelImpl.shutdownInput(SocketChannelImpl.java:782)
	at sun.nio.ch.SocketAdaptor.shutdownInput(SocketAdaptor.java:399)
	... 3 more
2020-02-18 18:23:29,355 18501  [:2181)] DEBUG .zookeeper.ClientCnxnSocketNIO  - Ignoring exception during shutdown output
java.net.SocketException: Socket is not connected
	at sun.nio.ch.Net.translateToSocketException(Net.java:123)
	at sun.nio.ch.Net.translateException(Net.java:157)
	at sun.nio.ch.Net.translateException(Net.java:163)
	at sun.nio.ch.SocketAdaptor.shutdownOutput(SocketAdaptor.java:409)
	at org.apache.zookeeper.ClientCnxnSocketNIO.cleanup(ClientCnxnSocketNIO.java:207)
	at org.apache.zookeeper.ClientCnxn$SendThread.cleanup(ClientCnxn.java:1246)
	at org.apache.zookeeper.ClientCnxn$SendThread.run(ClientCnxn.java:1170)
Caused by: java.nio.channels.NotYetConnectedException
	at sun.nio.ch.SocketChannelImpl.shutdownOutput(SocketChannelImpl.java:799)
	at sun.nio.ch.SocketAdaptor.shutdownOutput(SocketAdaptor.java:407)
	... 3 more
2020-02-18 18:26:18,022 0      [  main] INFO  org.apache.zookeeper.ZooKeeper  - Client environment:zookeeper.version=3.4.14-4c25d480e66aadd371de8bd2fd8da255ac140bcf, built on 03/06/2019 16:18 GMT
2020-02-18 18:26:18,026 4      [  main] INFO  org.apache.zookeeper.ZooKeeper  - Client environment:host.name=DESKTOP-7H84K93
2020-02-18 18:26:18,027 5      [  main] INFO  org.apache.zookeeper.ZooKeeper  - Client environment:java.version=1.8.0_221
2020-02-18 18:26:18,028 6      [  main] INFO  org.apache.zookeeper.ZooKeeper  - Client environment:java.vendor=Oracle Corporation
2020-02-18 18:26:18,028 6      [  main] INFO  org.apache.zookeeper.ZooKeeper  - Client environment:java.home=C:\Program Files\Java\jdk1.8.0_221\jre
2020-02-18 18:26:18,031 9      [  main] INFO  org.apache.zookeeper.ZooKeeper  - Client environment:java.class.path=C:\Program Files\JetBrains\IntelliJ IDEA 2018.3.4\lib\idea_rt.jar;C:\Program Files\JetBrains\IntelliJ IDEA 2018.3.4\plugins\junit\lib\junit-rt.jar;C:\Program Files\JetBrains\IntelliJ IDEA 2018.3.4\plugins\junit\lib\junit5-rt.jar;C:\Program Files\Java\jdk1.8.0_221\jre\lib\charsets.jar;C:\Program Files\Java\jdk1.8.0_221\jre\lib\deploy.jar;C:\Program Files\Java\jdk1.8.0_221\jre\lib\ext\access-bridge-64.jar;C:\Program Files\Java\jdk1.8.0_221\jre\lib\ext\cldrdata.jar;C:\Program Files\Java\jdk1.8.0_221\jre\lib\ext\dnsns.jar;C:\Program Files\Java\jdk1.8.0_221\jre\lib\ext\jaccess.jar;C:\Program Files\Java\jdk1.8.0_221\jre\lib\ext\jfxrt.jar;C:\Program Files\Java\jdk1.8.0_221\jre\lib\ext\localedata.jar;C:\Program Files\Java\jdk1.8.0_221\jre\lib\ext\nashorn.jar;C:\Program Files\Java\jdk1.8.0_221\jre\lib\ext\sunec.jar;C:\Program Files\Java\jdk1.8.0_221\jre\lib\ext\sunjce_provider.jar;C:\Program Files\Java\jdk1.8.0_221\jre\lib\ext\sunmscapi.jar;C:\Program Files\Java\jdk1.8.0_221\jre\lib\ext\sunpkcs11.jar;C:\Program Files\Java\jdk1.8.0_221\jre\lib\ext\zipfs.jar;C:\Program Files\Java\jdk1.8.0_221\jre\lib\javaws.jar;C:\Program Files\Java\jdk1.8.0_221\jre\lib\jce.jar;C:\Program Files\Java\jdk1.8.0_221\jre\lib\jfr.jar;C:\Program Files\Java\jdk1.8.0_221\jre\lib\jfxswt.jar;C:\Program Files\Java\jdk1.8.0_221\jre\lib\jsse.jar;C:\Program Files\Java\jdk1.8.0_221\jre\lib\management-agent.jar;C:\Program Files\Java\jdk1.8.0_221\jre\lib\plugin.jar;C:\Program Files\Java\jdk1.8.0_221\jre\lib\resources.jar;C:\Program Files\Java\jdk1.8.0_221\jre\lib\rt.jar;D:\代码库\分布式聊天框架\chat-framework\chat-core\target\test-classes;D:\代码库\分布式聊天框架\chat-framework\chat-core\target\classes;C:\Users\12986\.m2\repository\org\msgpack\msgpack\0.6.12\msgpack-0.6.12.jar;C:\Users\12986\.m2\repository\com\googlecode\json-simple\json-simple\1.1.1\json-simple-1.1.1.jar;C:\Users\12986\.m2\repository\org\javassist\javassist\3.18.1-GA\javassist-3.18.1-GA.jar;C:\Users\12986\.m2\repository\com\alibaba\fastjson\1.2.58\fastjson-1.2.58.jar;C:\Users\12986\.m2\repository\junit\junit\4.12\junit-4.12.jar;C:\Users\12986\.m2\repository\org\hamcrest\hamcrest-core\1.3\hamcrest-core-1.3.jar;C:\Users\12986\.m2\repository\io\netty\netty-all\4.1.36.Final\netty-all-4.1.36.Final.jar;C:\Users\12986\.m2\repository\redis\clients\jedis\3.1.0\jedis-3.1.0.jar;C:\Users\12986\.m2\repository\org\apache\commons\commons-pool2\2.6.2\commons-pool2-2.6.2.jar;C:\Users\12986\.m2\repository\org\slf4j\slf4j-api\1.7.21\slf4j-api-1.7.21.jar;C:\Users\12986\.m2\repository\org\apache\zookeeper\zookeeper\3.4.14\zookeeper-3.4.14.jar;C:\Users\12986\.m2\repository\org\slf4j\slf4j-log4j12\1.7.25\slf4j-log4j12-1.7.25.jar;C:\Users\12986\.m2\repository\com\github\spotbugs\spotbugs-annotations\3.1.9\spotbugs-annotations-3.1.9.jar;C:\Users\12986\.m2\repository\com\google\code\findbugs\jsr305\3.0.2\jsr305-3.0.2.jar;C:\Users\12986\.m2\repository\log4j\log4j\1.2.17\log4j-1.2.17.jar;C:\Users\12986\.m2\repository\jline\jline\0.9.94\jline-0.9.94.jar;C:\Users\12986\.m2\repository\org\apache\yetus\audience-annotations\0.5.0\audience-annotations-0.5.0.jar;C:\Users\12986\.m2\repository\io\netty\netty\3.10.6.Final\netty-3.10.6.Final.jar;C:\Program Files\JetBrains\IntelliJ IDEA 2018.3.4\lib\idea_rt.jar
2020-02-18 18:26:18,031 9      [  main] INFO  org.apache.zookeeper.ZooKeeper  - Client environment:java.library.path=C:\Program Files\Java\jdk1.8.0_221\bin;C:\WINDOWS\Sun\Java\bin;C:\WINDOWS\system32;C:\WINDOWS;C:\Program Files (x86)\Common Files\Oracle\Java\javapath;D:\软件\xshell\Xlpd 6\;D:\软件\xshell\Xshell 6\;D:\软件\xshell\Xmanager 6\;\Program Files (x86)\Intel\Intel(R) Management Engine Components\iCLS\;C:\Program Files\Intel\Intel(R) Management Engine Components\iCLS\;C:\Windows\system32;C:\Windows;C:\Windows\System32\Wbem;C:\Windows\System32\WindowsPowerShell\v1.0\;C:\Windows\System32\OpenSSH\;C:\Program Files (x86)\Intel\Intel(R) Management Engine Components\DAL;C:\Program Files\Intel\Intel(R) Management Engine Components\DAL;C:\Program Files (x86)\Intel\Intel(R) Management Engine Components\IPT;C:\Program Files\Intel\Intel(R) Management Engine Components\IPT;C:\Program Files (x86)\NVIDIA Corporation\PhysX\Common;C:\Program Files\Intel\WiFi\bin\;C:\Program Files\Common Files\Intel\WirelessCommon\;C:\Program Files\MySQL\MySQL Server 5.7\bin;C:\WINDOWS\system32;C:\WINDOWS;C:\WINDOWS\System32\Wbem;C:\WINDOWS\System32\WindowsPowerShell\v1.0\;C:\WINDOWS\System32\OpenSSH\;D:\New Folder\;D:\apache-maven-3.6.1-bin\apache-maven-3.6.1\bin\;D:\软件\subVersion\bin;\Program Files\TortoiseSVN\bin;%ERLANG_HOME%\bin;C:\Program Files\Microsoft VS Code\bin;C:\Users\12986\AppData\Local\Programs\Python\Python37;D:\anaconda3\Scripts;C:\Users\12986\AppData\Roaming\npm;D:\包\gradle-5.5.1\bin;D:\Git\Git\bin;D:\软件\apache-cxf-3.3.3\apache-cxf-3.3.3\bin;D:\软件\hadoop\hadoop-2.7.7\bin;D:\软件\hadoop\hadoop-2.7.7\sbin;C:\Program Files\Java\jdk1.8.0_221\lib;C:\Program Files\Java\jdk1.8.0_221\jre\bin;D:\apache-maven-3.6.1-bin\apache-maven-3.6.1\bin;C:\Program Files (x86)\scala\bin;C:\Program Files (x86)\scala\jre\bin;C:\Program Files\Java\jdk1.8.0_221\bin;C:\Go\bin;D:\包\lua-5.3.5_Win32_bin;C:\MinGW\bin;D:\包\flutter-master\bin;D:\anaconda3;D:\anaconda3\Library\mingw-w64\bin;D:\anaconda3\Library\usr\bin;D:\anaconda3\Library\bin;D:\anaconda3\Scripts;C:\Users\12986\AppData\Local\Programs\Python\Python37\Scripts\;C:\Users\12986\AppData\Local\Programs\Python\Python37\;C:\Users\12986\AppData\Local\Microsoft\WindowsApps;C:\Program Files\Intel\WiFi\bin\;C:\Program Files\Common Files\Intel\WirelessCommon\;C:\IntelliJ IDEA 2018.3.4\bin;C:\Users\12986\AppData\Roaming\npm;C:\python\PyCharm Community Edition 2019.2\bin;C:\Program Files\Java\jdk1.8.0_221\bin;%USERPROFILE%\go\bin;C:\Users\12986\AppData\Local\hyper\app-3.0.2\resources\bin;.
2020-02-18 18:26:18,031 9      [  main] INFO  org.apache.zookeeper.ZooKeeper  - Client environment:java.io.tmpdir=C:\Users\12986\AppData\Local\Temp\
2020-02-18 18:26:18,032 10     [  main] INFO  org.apache.zookeeper.ZooKeeper  - Client environment:java.compiler=<NA>
2020-02-18 18:26:18,032 10     [  main] INFO  org.apache.zookeeper.ZooKeeper  - Client environment:os.name=Windows 10
2020-02-18 18:26:18,033 11     [  main] INFO  org.apache.zookeeper.ZooKeeper  - Client environment:os.arch=amd64
2020-02-18 18:26:18,033 11     [  main] INFO  org.apache.zookeeper.ZooKeeper  - Client environment:os.version=10.0
2020-02-18 18:26:18,033 11     [  main] INFO  org.apache.zookeeper.ZooKeeper  - Client environment:user.name=12986
2020-02-18 18:26:18,033 11     [  main] INFO  org.apache.zookeeper.ZooKeeper  - Client environment:user.home=C:\Users\12986
2020-02-18 18:26:18,033 11     [  main] INFO  org.apache.zookeeper.ZooKeeper  - Client environment:user.dir=D:\代码库\分布式聊天框架\chat-framework\chat-core
2020-02-18 18:26:18,034 12     [  main] INFO  org.apache.zookeeper.ZooKeeper  - Initiating client connection, connectString=47.94.158.30:2181 sessionTimeout=2000 watcher=com.chat.core.register.ZKRegistryServiceTest$1@27abe2cd
2020-02-18 18:26:18,039 17     [  main] DEBUG rg.apache.zookeeper.ClientCnxn  - zookeeper.disableAutoWatchReset is false
2020-02-18 18:26:36,538 18516  [:2181)] DEBUG .zookeeper.SaslServerPrincipal  - Canonicalized address to 47.94.158.30
2020-02-18 18:26:36,540 18518  [:2181)] INFO  rg.apache.zookeeper.ClientCnxn  - Opening socket connection to server 47.94.158.30/47.94.158.30:2181. Will not attempt to authenticate using SASL (unknown error)
2020-02-18 18:26:36,542 18520  [:2181)] WARN  rg.apache.zookeeper.ClientCnxn  - Client session timed out, have not heard from server in 18097ms for sessionid 0x0
2020-02-18 18:26:36,542 18520  [:2181)] INFO  rg.apache.zookeeper.ClientCnxn  - Client session timed out, have not heard from server in 18097ms for sessionid 0x0, closing socket connection and attempting reconnect
2020-02-18 18:26:36,543 18521  [:2181)] DEBUG .zookeeper.ClientCnxnSocketNIO  - Ignoring exception during shutdown input
java.net.SocketException: Socket is not connected
	at sun.nio.ch.Net.translateToSocketException(Net.java:123)
	at sun.nio.ch.Net.translateException(Net.java:157)
	at sun.nio.ch.Net.translateException(Net.java:163)
	at sun.nio.ch.SocketAdaptor.shutdownInput(SocketAdaptor.java:401)
	at org.apache.zookeeper.ClientCnxnSocketNIO.cleanup(ClientCnxnSocketNIO.java:200)
	at org.apache.zookeeper.ClientCnxn$SendThread.cleanup(ClientCnxn.java:1246)
	at org.apache.zookeeper.ClientCnxn$SendThread.run(ClientCnxn.java:1170)
Caused by: java.nio.channels.NotYetConnectedException
	at sun.nio.ch.SocketChannelImpl.shutdownInput(SocketChannelImpl.java:782)
	at sun.nio.ch.SocketAdaptor.shutdownInput(SocketAdaptor.java:399)
	... 3 more
2020-02-18 18:26:36,544 18522  [:2181)] DEBUG .zookeeper.ClientCnxnSocketNIO  - Ignoring exception during shutdown output
java.net.SocketException: Socket is not connected
	at sun.nio.ch.Net.translateToSocketException(Net.java:123)
	at sun.nio.ch.Net.translateException(Net.java:157)
	at sun.nio.ch.Net.translateException(Net.java:163)
	at sun.nio.ch.SocketAdaptor.shutdownOutput(SocketAdaptor.java:409)
	at org.apache.zookeeper.ClientCnxnSocketNIO.cleanup(ClientCnxnSocketNIO.java:207)
	at org.apache.zookeeper.ClientCnxn$SendThread.cleanup(ClientCnxn.java:1246)
	at org.apache.zookeeper.ClientCnxn$SendThread.run(ClientCnxn.java:1170)
Caused by: java.nio.channels.NotYetConnectedException
	at sun.nio.ch.SocketChannelImpl.shutdownOutput(SocketChannelImpl.java:799)
	at sun.nio.ch.SocketAdaptor.shutdownOutput(SocketAdaptor.java:407)
	... 3 more
2020-02-18 18:27:18,687 0      [  main] INFO  org.apache.zookeeper.ZooKeeper  - Client environment:zookeeper.version=3.4.14-4c25d480e66aadd371de8bd2fd8da255ac140bcf, built on 03/06/2019 16:18 GMT
2020-02-18 18:27:18,689 2      [  main] INFO  org.apache.zookeeper.ZooKeeper  - Client environment:host.name=DESKTOP-7H84K93
2020-02-18 18:27:18,689 2      [  main] INFO  org.apache.zookeeper.ZooKeeper  - Client environment:java.version=1.8.0_221
2020-02-18 18:27:18,689 2      [  main] INFO  org.apache.zookeeper.ZooKeeper  - Client environment:java.vendor=Oracle Corporation
2020-02-18 18:27:18,689 2      [  main] INFO  org.apache.zookeeper.ZooKeeper  - Client environment:java.home=C:\Program Files\Java\jdk1.8.0_221\jre
2020-02-18 18:27:18,689 2      [  main] INFO  org.apache.zookeeper.ZooKeeper  - Client environment:java.class.path=C:\Program Files\JetBrains\IntelliJ IDEA 2018.3.4\lib\idea_rt.jar;C:\Program Files\JetBrains\IntelliJ IDEA 2018.3.4\plugins\junit\lib\junit-rt.jar;C:\Program Files\JetBrains\IntelliJ IDEA 2018.3.4\plugins\junit\lib\junit5-rt.jar;C:\Program Files\Java\jdk1.8.0_221\jre\lib\charsets.jar;C:\Program Files\Java\jdk1.8.0_221\jre\lib\deploy.jar;C:\Program Files\Java\jdk1.8.0_221\jre\lib\ext\access-bridge-64.jar;C:\Program Files\Java\jdk1.8.0_221\jre\lib\ext\cldrdata.jar;C:\Program Files\Java\jdk1.8.0_221\jre\lib\ext\dnsns.jar;C:\Program Files\Java\jdk1.8.0_221\jre\lib\ext\jaccess.jar;C:\Program Files\Java\jdk1.8.0_221\jre\lib\ext\jfxrt.jar;C:\Program Files\Java\jdk1.8.0_221\jre\lib\ext\localedata.jar;C:\Program Files\Java\jdk1.8.0_221\jre\lib\ext\nashorn.jar;C:\Program Files\Java\jdk1.8.0_221\jre\lib\ext\sunec.jar;C:\Program Files\Java\jdk1.8.0_221\jre\lib\ext\sunjce_provider.jar;C:\Program Files\Java\jdk1.8.0_221\jre\lib\ext\sunmscapi.jar;C:\Program Files\Java\jdk1.8.0_221\jre\lib\ext\sunpkcs11.jar;C:\Program Files\Java\jdk1.8.0_221\jre\lib\ext\zipfs.jar;C:\Program Files\Java\jdk1.8.0_221\jre\lib\javaws.jar;C:\Program Files\Java\jdk1.8.0_221\jre\lib\jce.jar;C:\Program Files\Java\jdk1.8.0_221\jre\lib\jfr.jar;C:\Program Files\Java\jdk1.8.0_221\jre\lib\jfxswt.jar;C:\Program Files\Java\jdk1.8.0_221\jre\lib\jsse.jar;C:\Program Files\Java\jdk1.8.0_221\jre\lib\management-agent.jar;C:\Program Files\Java\jdk1.8.0_221\jre\lib\plugin.jar;C:\Program Files\Java\jdk1.8.0_221\jre\lib\resources.jar;C:\Program Files\Java\jdk1.8.0_221\jre\lib\rt.jar;D:\代码库\分布式聊天框架\chat-framework\chat-core\target\test-classes;D:\代码库\分布式聊天框架\chat-framework\chat-core\target\classes;C:\Users\12986\.m2\repository\org\msgpack\msgpack\0.6.12\msgpack-0.6.12.jar;C:\Users\12986\.m2\repository\com\googlecode\json-simple\json-simple\1.1.1\json-simple-1.1.1.jar;C:\Users\12986\.m2\repository\org\javassist\javassist\3.18.1-GA\javassist-3.18.1-GA.jar;C:\Users\12986\.m2\repository\com\alibaba\fastjson\1.2.58\fastjson-1.2.58.jar;C:\Users\12986\.m2\repository\junit\junit\4.12\junit-4.12.jar;C:\Users\12986\.m2\repository\org\hamcrest\hamcrest-core\1.3\hamcrest-core-1.3.jar;C:\Users\12986\.m2\repository\io\netty\netty-all\4.1.36.Final\netty-all-4.1.36.Final.jar;C:\Users\12986\.m2\repository\redis\clients\jedis\3.1.0\jedis-3.1.0.jar;C:\Users\12986\.m2\repository\org\apache\commons\commons-pool2\2.6.2\commons-pool2-2.6.2.jar;C:\Users\12986\.m2\repository\org\slf4j\slf4j-api\1.7.21\slf4j-api-1.7.21.jar;C:\Users\12986\.m2\repository\org\apache\zookeeper\zookeeper\3.4.14\zookeeper-3.4.14.jar;C:\Users\12986\.m2\repository\org\slf4j\slf4j-log4j12\1.7.25\slf4j-log4j12-1.7.25.jar;C:\Users\12986\.m2\repository\com\github\spotbugs\spotbugs-annotations\3.1.9\spotbugs-annotations-3.1.9.jar;C:\Users\12986\.m2\repository\com\google\code\findbugs\jsr305\3.0.2\jsr305-3.0.2.jar;C:\Users\12986\.m2\repository\log4j\log4j\1.2.17\log4j-1.2.17.jar;C:\Users\12986\.m2\repository\jline\jline\0.9.94\jline-0.9.94.jar;C:\Users\12986\.m2\repository\org\apache\yetus\audience-annotations\0.5.0\audience-annotations-0.5.0.jar;C:\Users\12986\.m2\repository\io\netty\netty\3.10.6.Final\netty-3.10.6.Final.jar;C:\Program Files\JetBrains\IntelliJ IDEA 2018.3.4\lib\idea_rt.jar
2020-02-18 18:27:18,691 4      [  main] INFO  org.apache.zookeeper.ZooKeeper  - Client environment:java.library.path=C:\Program Files\Java\jdk1.8.0_221\bin;C:\WINDOWS\Sun\Java\bin;C:\WINDOWS\system32;C:\WINDOWS;C:\Program Files (x86)\Common Files\Oracle\Java\javapath;D:\软件\xshell\Xlpd 6\;D:\软件\xshell\Xshell 6\;D:\软件\xshell\Xmanager 6\;\Program Files (x86)\Intel\Intel(R) Management Engine Components\iCLS\;C:\Program Files\Intel\Intel(R) Management Engine Components\iCLS\;C:\Windows\system32;C:\Windows;C:\Windows\System32\Wbem;C:\Windows\System32\WindowsPowerShell\v1.0\;C:\Windows\System32\OpenSSH\;C:\Program Files (x86)\Intel\Intel(R) Management Engine Components\DAL;C:\Program Files\Intel\Intel(R) Management Engine Components\DAL;C:\Program Files (x86)\Intel\Intel(R) Management Engine Components\IPT;C:\Program Files\Intel\Intel(R) Management Engine Components\IPT;C:\Program Files (x86)\NVIDIA Corporation\PhysX\Common;C:\Program Files\Intel\WiFi\bin\;C:\Program Files\Common Files\Intel\WirelessCommon\;C:\Program Files\MySQL\MySQL Server 5.7\bin;C:\WINDOWS\system32;C:\WINDOWS;C:\WINDOWS\System32\Wbem;C:\WINDOWS\System32\WindowsPowerShell\v1.0\;C:\WINDOWS\System32\OpenSSH\;D:\New Folder\;D:\apache-maven-3.6.1-bin\apache-maven-3.6.1\bin\;D:\软件\subVersion\bin;\Program Files\TortoiseSVN\bin;%ERLANG_HOME%\bin;C:\Program Files\Microsoft VS Code\bin;C:\Users\12986\AppData\Local\Programs\Python\Python37;D:\anaconda3\Scripts;C:\Users\12986\AppData\Roaming\npm;D:\包\gradle-5.5.1\bin;D:\Git\Git\bin;D:\软件\apache-cxf-3.3.3\apache-cxf-3.3.3\bin;D:\软件\hadoop\hadoop-2.7.7\bin;D:\软件\hadoop\hadoop-2.7.7\sbin;C:\Program Files\Java\jdk1.8.0_221\lib;C:\Program Files\Java\jdk1.8.0_221\jre\bin;D:\apache-maven-3.6.1-bin\apache-maven-3.6.1\bin;C:\Program Files (x86)\scala\bin;C:\Program Files (x86)\scala\jre\bin;C:\Program Files\Java\jdk1.8.0_221\bin;C:\Go\bin;D:\包\lua-5.3.5_Win32_bin;C:\MinGW\bin;D:\包\flutter-master\bin;D:\anaconda3;D:\anaconda3\Library\mingw-w64\bin;D:\anaconda3\Library\usr\bin;D:\anaconda3\Library\bin;D:\anaconda3\Scripts;C:\Users\12986\AppData\Local\Programs\Python\Python37\Scripts\;C:\Users\12986\AppData\Local\Programs\Python\Python37\;C:\Users\12986\AppData\Local\Microsoft\WindowsApps;C:\Program Files\Intel\WiFi\bin\;C:\Program Files\Common Files\Intel\WirelessCommon\;C:\IntelliJ IDEA 2018.3.4\bin;C:\Users\12986\AppData\Roaming\npm;C:\python\PyCharm Community Edition 2019.2\bin;C:\Program Files\Java\jdk1.8.0_221\bin;%USERPROFILE%\go\bin;C:\Users\12986\AppData\Local\hyper\app-3.0.2\resources\bin;.
2020-02-18 18:27:18,691 4      [  main] INFO  org.apache.zookeeper.ZooKeeper  - Client environment:java.io.tmpdir=C:\Users\12986\AppData\Local\Temp\
2020-02-18 18:27:18,691 4      [  main] INFO  org.apache.zookeeper.ZooKeeper  - Client environment:java.compiler=<NA>
2020-02-18 18:27:18,691 4      [  main] INFO  org.apache.zookeeper.ZooKeeper  - Client environment:os.name=Windows 10
2020-02-18 18:27:18,691 4      [  main] INFO  org.apache.zookeeper.ZooKeeper  - Client environment:os.arch=amd64
2020-02-18 18:27:18,691 4      [  main] INFO  org.apache.zookeeper.ZooKeeper  - Client environment:os.version=10.0
2020-02-18 18:27:18,691 4      [  main] INFO  org.apache.zookeeper.ZooKeeper  - Client environment:user.name=12986
2020-02-18 18:27:18,691 4      [  main] INFO  org.apache.zookeeper.ZooKeeper  - Client environment:user.home=C:\Users\12986
2020-02-18 18:27:18,691 4      [  main] INFO  org.apache.zookeeper.ZooKeeper  - Client environment:user.dir=D:\代码库\分布式聊天框架\chat-framework\chat-core
2020-02-18 18:27:18,692 5      [  main] INFO  org.apache.zookeeper.ZooKeeper  - Initiating client connection, connectString=47.94.158.30:2181 sessionTimeout=2000 watcher=com.chat.core.register.ZKRegistryServiceTest$1@27abe2cd
2020-02-18 18:27:18,696 9      [  main] DEBUG rg.apache.zookeeper.ClientCnxn  - zookeeper.disableAutoWatchReset is false
2020-02-18 18:27:37,176 18489  [:2181)] DEBUG .zookeeper.SaslServerPrincipal  - Canonicalized address to 47.94.158.30
2020-02-18 18:27:37,180 18493  [:2181)] INFO  rg.apache.zookeeper.ClientCnxn  - Opening socket connection to server 47.94.158.30/47.94.158.30:2181. Will not attempt to authenticate using SASL (unknown error)
2020-02-18 18:27:37,183 18496  [:2181)] WARN  rg.apache.zookeeper.ClientCnxn  - Client session timed out, have not heard from server in 18080ms for sessionid 0x0
2020-02-18 18:27:37,185 18498  [:2181)] INFO  rg.apache.zookeeper.ClientCnxn  - Client session timed out, have not heard from server in 18080ms for sessionid 0x0, closing socket connection and attempting reconnect
2020-02-18 18:27:37,187 18500  [:2181)] DEBUG .zookeeper.ClientCnxnSocketNIO  - Ignoring exception during shutdown input
java.net.SocketException: Socket is not connected
	at sun.nio.ch.Net.translateToSocketException(Net.java:123)
	at sun.nio.ch.Net.translateException(Net.java:157)
	at sun.nio.ch.Net.translateException(Net.java:163)
	at sun.nio.ch.SocketAdaptor.shutdownInput(SocketAdaptor.java:401)
	at org.apache.zookeeper.ClientCnxnSocketNIO.cleanup(ClientCnxnSocketNIO.java:200)
	at org.apache.zookeeper.ClientCnxn$SendThread.cleanup(ClientCnxn.java:1246)
	at org.apache.zookeeper.ClientCnxn$SendThread.run(ClientCnxn.java:1170)
Caused by: java.nio.channels.NotYetConnectedException
	at sun.nio.ch.SocketChannelImpl.shutdownInput(SocketChannelImpl.java:782)
	at sun.nio.ch.SocketAdaptor.shutdownInput(SocketAdaptor.java:399)
	... 3 more
2020-02-18 18:27:37,191 18504  [:2181)] DEBUG .zookeeper.ClientCnxnSocketNIO  - Ignoring exception during shutdown output
java.net.SocketException: Socket is not connected
	at sun.nio.ch.Net.translateToSocketException(Net.java:123)
	at sun.nio.ch.Net.translateException(Net.java:157)
	at sun.nio.ch.Net.translateException(Net.java:163)
	at sun.nio.ch.SocketAdaptor.shutdownOutput(SocketAdaptor.java:409)
	at org.apache.zookeeper.ClientCnxnSocketNIO.cleanup(ClientCnxnSocketNIO.java:207)
	at org.apache.zookeeper.ClientCnxn$SendThread.cleanup(ClientCnxn.java:1246)
	at org.apache.zookeeper.ClientCnxn$SendThread.run(ClientCnxn.java:1170)
Caused by: java.nio.channels.NotYetConnectedException
	at sun.nio.ch.SocketChannelImpl.shutdownOutput(SocketChannelImpl.java:799)
	at sun.nio.ch.SocketAdaptor.shutdownOutput(SocketAdaptor.java:407)
	... 3 more
2020-02-18 18:29:15,605 0      [  main] INFO  org.apache.zookeeper.ZooKeeper  - Client environment:zookeeper.version=3.4.14-4c25d480e66aadd371de8bd2fd8da255ac140bcf, built on 03/06/2019 16:18 GMT
2020-02-18 18:29:15,606 1      [  main] INFO  org.apache.zookeeper.ZooKeeper  - Client environment:host.name=DESKTOP-7H84K93
2020-02-18 18:29:15,606 1      [  main] INFO  org.apache.zookeeper.ZooKeeper  - Client environment:java.version=1.8.0_221
2020-02-18 18:29:15,606 1      [  main] INFO  org.apache.zookeeper.ZooKeeper  - Client environment:java.vendor=Oracle Corporation
2020-02-18 18:29:15,606 1      [  main] INFO  org.apache.zookeeper.ZooKeeper  - Client environment:java.home=C:\Program Files\Java\jdk1.8.0_221\jre
2020-02-18 18:29:15,606 1      [  main] INFO  org.apache.zookeeper.ZooKeeper  - Client environment:java.class.path=C:\Program Files\JetBrains\IntelliJ IDEA 2018.3.4\lib\idea_rt.jar;C:\Program Files\JetBrains\IntelliJ IDEA 2018.3.4\plugins\junit\lib\junit-rt.jar;C:\Program Files\JetBrains\IntelliJ IDEA 2018.3.4\plugins\junit\lib\junit5-rt.jar;C:\Program Files\Java\jdk1.8.0_221\jre\lib\charsets.jar;C:\Program Files\Java\jdk1.8.0_221\jre\lib\deploy.jar;C:\Program Files\Java\jdk1.8.0_221\jre\lib\ext\access-bridge-64.jar;C:\Program Files\Java\jdk1.8.0_221\jre\lib\ext\cldrdata.jar;C:\Program Files\Java\jdk1.8.0_221\jre\lib\ext\dnsns.jar;C:\Program Files\Java\jdk1.8.0_221\jre\lib\ext\jaccess.jar;C:\Program Files\Java\jdk1.8.0_221\jre\lib\ext\jfxrt.jar;C:\Program Files\Java\jdk1.8.0_221\jre\lib\ext\localedata.jar;C:\Program Files\Java\jdk1.8.0_221\jre\lib\ext\nashorn.jar;C:\Program Files\Java\jdk1.8.0_221\jre\lib\ext\sunec.jar;C:\Program Files\Java\jdk1.8.0_221\jre\lib\ext\sunjce_provider.jar;C:\Program Files\Java\jdk1.8.0_221\jre\lib\ext\sunmscapi.jar;C:\Program Files\Java\jdk1.8.0_221\jre\lib\ext\sunpkcs11.jar;C:\Program Files\Java\jdk1.8.0_221\jre\lib\ext\zipfs.jar;C:\Program Files\Java\jdk1.8.0_221\jre\lib\javaws.jar;C:\Program Files\Java\jdk1.8.0_221\jre\lib\jce.jar;C:\Program Files\Java\jdk1.8.0_221\jre\lib\jfr.jar;C:\Program Files\Java\jdk1.8.0_221\jre\lib\jfxswt.jar;C:\Program Files\Java\jdk1.8.0_221\jre\lib\jsse.jar;C:\Program Files\Java\jdk1.8.0_221\jre\lib\management-agent.jar;C:\Program Files\Java\jdk1.8.0_221\jre\lib\plugin.jar;C:\Program Files\Java\jdk1.8.0_221\jre\lib\resources.jar;C:\Program Files\Java\jdk1.8.0_221\jre\lib\rt.jar;D:\代码库\分布式聊天框架\chat-framework\chat-core\target\test-classes;D:\代码库\分布式聊天框架\chat-framework\chat-core\target\classes;C:\Users\12986\.m2\repository\org\msgpack\msgpack\0.6.12\msgpack-0.6.12.jar;C:\Users\12986\.m2\repository\com\googlecode\json-simple\json-simple\1.1.1\json-simple-1.1.1.jar;C:\Users\12986\.m2\repository\org\javassist\javassist\3.18.1-GA\javassist-3.18.1-GA.jar;C:\Users\12986\.m2\repository\com\alibaba\fastjson\1.2.58\fastjson-1.2.58.jar;C:\Users\12986\.m2\repository\junit\junit\4.12\junit-4.12.jar;C:\Users\12986\.m2\repository\org\hamcrest\hamcrest-core\1.3\hamcrest-core-1.3.jar;C:\Users\12986\.m2\repository\io\netty\netty-all\4.1.36.Final\netty-all-4.1.36.Final.jar;C:\Users\12986\.m2\repository\redis\clients\jedis\3.1.0\jedis-3.1.0.jar;C:\Users\12986\.m2\repository\org\apache\commons\commons-pool2\2.6.2\commons-pool2-2.6.2.jar;C:\Users\12986\.m2\repository\org\slf4j\slf4j-api\1.7.21\slf4j-api-1.7.21.jar;C:\Users\12986\.m2\repository\org\apache\zookeeper\zookeeper\3.4.14\zookeeper-3.4.14.jar;C:\Users\12986\.m2\repository\org\slf4j\slf4j-log4j12\1.7.25\slf4j-log4j12-1.7.25.jar;C:\Users\12986\.m2\repository\com\github\spotbugs\spotbugs-annotations\3.1.9\spotbugs-annotations-3.1.9.jar;C:\Users\12986\.m2\repository\com\google\code\findbugs\jsr305\3.0.2\jsr305-3.0.2.jar;C:\Users\12986\.m2\repository\log4j\log4j\1.2.17\log4j-1.2.17.jar;C:\Users\12986\.m2\repository\jline\jline\0.9.94\jline-0.9.94.jar;C:\Users\12986\.m2\repository\org\apache\yetus\audience-annotations\0.5.0\audience-annotations-0.5.0.jar;C:\Users\12986\.m2\repository\io\netty\netty\3.10.6.Final\netty-3.10.6.Final.jar;C:\Program Files\JetBrains\IntelliJ IDEA 2018.3.4\lib\idea_rt.jar
2020-02-18 18:29:15,607 2      [  main] INFO  org.apache.zookeeper.ZooKeeper  - Client environment:java.library.path=C:\Program Files\Java\jdk1.8.0_221\bin;C:\WINDOWS\Sun\Java\bin;C:\WINDOWS\system32;C:\WINDOWS;C:\Program Files (x86)\Common Files\Oracle\Java\javapath;D:\软件\xshell\Xlpd 6\;D:\软件\xshell\Xshell 6\;D:\软件\xshell\Xmanager 6\;\Program Files (x86)\Intel\Intel(R) Management Engine Components\iCLS\;C:\Program Files\Intel\Intel(R) Management Engine Components\iCLS\;C:\Windows\system32;C:\Windows;C:\Windows\System32\Wbem;C:\Windows\System32\WindowsPowerShell\v1.0\;C:\Windows\System32\OpenSSH\;C:\Program Files (x86)\Intel\Intel(R) Management Engine Components\DAL;C:\Program Files\Intel\Intel(R) Management Engine Components\DAL;C:\Program Files (x86)\Intel\Intel(R) Management Engine Components\IPT;C:\Program Files\Intel\Intel(R) Management Engine Components\IPT;C:\Program Files (x86)\NVIDIA Corporation\PhysX\Common;C:\Program Files\Intel\WiFi\bin\;C:\Program Files\Common Files\Intel\WirelessCommon\;C:\Program Files\MySQL\MySQL Server 5.7\bin;C:\WINDOWS\system32;C:\WINDOWS;C:\WINDOWS\System32\Wbem;C:\WINDOWS\System32\WindowsPowerShell\v1.0\;C:\WINDOWS\System32\OpenSSH\;D:\New Folder\;D:\apache-maven-3.6.1-bin\apache-maven-3.6.1\bin\;D:\软件\subVersion\bin;\Program Files\TortoiseSVN\bin;%ERLANG_HOME%\bin;C:\Program Files\Microsoft VS Code\bin;C:\Users\12986\AppData\Local\Programs\Python\Python37;D:\anaconda3\Scripts;C:\Users\12986\AppData\Roaming\npm;D:\包\gradle-5.5.1\bin;D:\Git\Git\bin;D:\软件\apache-cxf-3.3.3\apache-cxf-3.3.3\bin;D:\软件\hadoop\hadoop-2.7.7\bin;D:\软件\hadoop\hadoop-2.7.7\sbin;C:\Program Files\Java\jdk1.8.0_221\lib;C:\Program Files\Java\jdk1.8.0_221\jre\bin;D:\apache-maven-3.6.1-bin\apache-maven-3.6.1\bin;C:\Program Files (x86)\scala\bin;C:\Program Files (x86)\scala\jre\bin;C:\Program Files\Java\jdk1.8.0_221\bin;C:\Go\bin;D:\包\lua-5.3.5_Win32_bin;C:\MinGW\bin;D:\包\flutter-master\bin;D:\anaconda3;D:\anaconda3\Library\mingw-w64\bin;D:\anaconda3\Library\usr\bin;D:\anaconda3\Library\bin;D:\anaconda3\Scripts;C:\Users\12986\AppData\Local\Programs\Python\Python37\Scripts\;C:\Users\12986\AppData\Local\Programs\Python\Python37\;C:\Users\12986\AppData\Local\Microsoft\WindowsApps;C:\Program Files\Intel\WiFi\bin\;C:\Program Files\Common Files\Intel\WirelessCommon\;C:\IntelliJ IDEA 2018.3.4\bin;C:\Users\12986\AppData\Roaming\npm;C:\python\PyCharm Community Edition 2019.2\bin;C:\Program Files\Java\jdk1.8.0_221\bin;%USERPROFILE%\go\bin;C:\Users\12986\AppData\Local\hyper\app-3.0.2\resources\bin;.
2020-02-18 18:29:15,607 2      [  main] INFO  org.apache.zookeeper.ZooKeeper  - Client environment:java.io.tmpdir=C:\Users\12986\AppData\Local\Temp\
2020-02-18 18:29:15,607 2      [  main] INFO  org.apache.zookeeper.ZooKeeper  - Client environment:java.compiler=<NA>
2020-02-18 18:29:15,607 2      [  main] INFO  org.apache.zookeeper.ZooKeeper  - Client environment:os.name=Windows 10
2020-02-18 18:29:15,607 2      [  main] INFO  org.apache.zookeeper.ZooKeeper  - Client environment:os.arch=amd64
2020-02-18 18:29:15,608 3      [  main] INFO  org.apache.zookeeper.ZooKeeper  - Client environment:os.version=10.0
2020-02-18 18:29:15,608 3      [  main] INFO  org.apache.zookeeper.ZooKeeper  - Client environment:user.name=12986
2020-02-18 18:29:15,608 3      [  main] INFO  org.apache.zookeeper.ZooKeeper  - Client environment:user.home=C:\Users\12986
2020-02-18 18:29:15,608 3      [  main] INFO  org.apache.zookeeper.ZooKeeper  - Client environment:user.dir=D:\代码库\分布式聊天框架\chat-framework\chat-core
2020-02-18 18:29:15,609 4      [  main] INFO  org.apache.zookeeper.ZooKeeper  - Initiating client connection, connectString=192.168.58.131:2181 sessionTimeout=2000 watcher=com.chat.core.register.ZKRegistryServiceTest$1@27abe2cd
2020-02-18 18:29:15,613 8      [  main] DEBUG rg.apache.zookeeper.ClientCnxn  - zookeeper.disableAutoWatchReset is false
2020-02-18 18:29:16,036 431    [:2181)] DEBUG .zookeeper.SaslServerPrincipal  - Canonicalized address to hadoop1
2020-02-18 18:29:16,039 434    [:2181)] INFO  rg.apache.zookeeper.ClientCnxn  - Opening socket connection to server hadoop1/192.168.58.131:2181. Will not attempt to authenticate using SASL (unknown error)
2020-02-18 18:29:16,041 436    [:2181)] INFO  rg.apache.zookeeper.ClientCnxn  - Socket connection established to hadoop1/192.168.58.131:2181, initiating session
2020-02-18 18:29:16,043 438    [:2181)] DEBUG rg.apache.zookeeper.ClientCnxn  - Session establishment request sent on hadoop1/192.168.58.131:2181
2020-02-18 18:29:16,061 456    [:2181)] INFO  rg.apache.zookeeper.ClientCnxn  - Session establishment complete on server hadoop1/192.168.58.131:2181, sessionid = 0x170598f34050000, negotiated timeout = 4000
2020-02-18 18:29:16,069 464    [:2181)] DEBUG rg.apache.zookeeper.ClientCnxn  - Reading reply sessionid:0x170598f34050000, packet:: clientPath:null serverPath:null finished:false header:: 1,3  replyHeader:: 1,51539607652,-101  request:: '/chat,T  response::  
