2019-12-25 12:52:36,643 0      [  main] DEBUG .logging.InternalLoggerFactory  - Using SLF4J as the default logging framework
2019-12-25 12:52:36,648 5      [  main] DEBUG nnel.MultithreadEventLoopGroup  - -Dio.netty.eventLoopThreads: 8
2019-12-25 12:52:36,694 51     [  main] DEBUG nternal.InternalThreadLocalMap  - -Dio.netty.threadLocalMap.stringBuilder.initialSize: 1024
2019-12-25 12:52:36,694 51     [  main] DEBUG nternal.InternalThreadLocalMap  - -Dio.netty.threadLocalMap.stringBuilder.maxSize: 4096
2019-12-25 12:52:36,704 61     [  main] DEBUG netty.channel.nio.NioEventLoop  - -Dio.netty.noKeySetOptimization: false
2019-12-25 12:52:36,704 61     [  main] DEBUG netty.channel.nio.NioEventLoop  - -Dio.netty.selectorAutoRebuildThreshold: 512
2019-12-25 12:52:36,728 85     [  main] DEBUG til.internal.PlatformDependent  - Platform: Windows
2019-12-25 12:52:36,730 87     [  main] DEBUG il.internal.PlatformDependent0  - -Dio.netty.noUnsafe: false
2019-12-25 12:52:36,731 88     [  main] DEBUG il.internal.PlatformDependent0  - Java version: 8
2019-12-25 12:52:36,732 89     [  main] DEBUG il.internal.PlatformDependent0  - sun.misc.Unsafe.theUnsafe: available
2019-12-25 12:52:36,733 90     [  main] DEBUG il.internal.PlatformDependent0  - sun.misc.Unsafe.copyMemory: available
2019-12-25 12:52:36,734 91     [  main] DEBUG il.internal.PlatformDependent0  - java.nio.Buffer.address: available
2019-12-25 12:52:36,734 91     [  main] DEBUG il.internal.PlatformDependent0  - direct buffer constructor: available
2019-12-25 12:52:36,735 92     [  main] DEBUG il.internal.PlatformDependent0  - java.nio.Bits.unaligned: available, true
2019-12-25 12:52:36,735 92     [  main] DEBUG il.internal.PlatformDependent0  - jdk.internal.misc.Unsafe.allocateUninitializedArray(int): unavailable prior to Java9
2019-12-25 12:52:36,735 92     [  main] DEBUG il.internal.PlatformDependent0  - java.nio.DirectByteBuffer.<init>(long, int): available
2019-12-25 12:52:36,735 92     [  main] DEBUG til.internal.PlatformDependent  - sun.misc.Unsafe: available
2019-12-25 12:52:36,736 93     [  main] DEBUG til.internal.PlatformDependent  - -Dio.netty.tmpdir: C:\Users\12986\AppData\Local\Temp (java.io.tmpdir)
2019-12-25 12:52:36,736 93     [  main] DEBUG til.internal.PlatformDependent  - -Dio.netty.bitMode: 64 (sun.arch.data.model)
2019-12-25 12:52:36,738 95     [  main] DEBUG til.internal.PlatformDependent  - -Dio.netty.maxDirectMemory: 4725932032 bytes
2019-12-25 12:52:36,738 95     [  main] DEBUG til.internal.PlatformDependent  - -Dio.netty.uninitializedArrayAllocationThreshold: -1
2019-12-25 12:52:36,739 96     [  main] DEBUG tty.util.internal.CleanerJava6  - java.nio.ByteBuffer.cleaner(): available
2019-12-25 12:52:36,739 96     [  main] DEBUG til.internal.PlatformDependent  - -Dio.netty.noPreferDirect: false
2019-12-25 12:52:36,758 115    [  main] DEBUG til.internal.PlatformDependent  - org.jctools-core.MpscChunkedArrayQueue: available
2019-12-25 12:53:34,720 0      [  main] DEBUG .logging.InternalLoggerFactory  - Using SLF4J as the default logging framework
2019-12-25 12:53:34,733 13     [  main] DEBUG nnel.MultithreadEventLoopGroup  - -Dio.netty.eventLoopThreads: 8
2019-12-25 12:53:34,781 61     [  main] DEBUG nternal.InternalThreadLocalMap  - -Dio.netty.threadLocalMap.stringBuilder.initialSize: 1024
2019-12-25 12:53:34,782 62     [  main] DEBUG nternal.InternalThreadLocalMap  - -Dio.netty.threadLocalMap.stringBuilder.maxSize: 4096
2019-12-25 12:53:34,793 73     [  main] DEBUG netty.channel.nio.NioEventLoop  - -Dio.netty.noKeySetOptimization: false
2019-12-25 12:53:34,793 73     [  main] DEBUG netty.channel.nio.NioEventLoop  - -Dio.netty.selectorAutoRebuildThreshold: 512
2019-12-25 12:53:34,817 97     [  main] DEBUG til.internal.PlatformDependent  - Platform: Windows
2019-12-25 12:53:34,819 99     [  main] DEBUG il.internal.PlatformDependent0  - -Dio.netty.noUnsafe: false
2019-12-25 12:53:34,819 99     [  main] DEBUG il.internal.PlatformDependent0  - Java version: 8
2019-12-25 12:53:34,821 101    [  main] DEBUG il.internal.PlatformDependent0  - sun.misc.Unsafe.theUnsafe: available
2019-12-25 12:53:34,822 102    [  main] DEBUG il.internal.PlatformDependent0  - sun.misc.Unsafe.copyMemory: available
2019-12-25 12:53:34,822 102    [  main] DEBUG il.internal.PlatformDependent0  - java.nio.Buffer.address: available
2019-12-25 12:53:34,823 103    [  main] DEBUG il.internal.PlatformDependent0  - direct buffer constructor: available
2019-12-25 12:53:34,824 104    [  main] DEBUG il.internal.PlatformDependent0  - java.nio.Bits.unaligned: available, true
2019-12-25 12:53:34,824 104    [  main] DEBUG il.internal.PlatformDependent0  - jdk.internal.misc.Unsafe.allocateUninitializedArray(int): unavailable prior to Java9
2019-12-25 12:53:34,824 104    [  main] DEBUG il.internal.PlatformDependent0  - java.nio.DirectByteBuffer.<init>(long, int): available
2019-12-25 12:53:34,824 104    [  main] DEBUG til.internal.PlatformDependent  - sun.misc.Unsafe: available
2019-12-25 12:53:34,824 104    [  main] DEBUG til.internal.PlatformDependent  - -Dio.netty.tmpdir: C:\Users\12986\AppData\Local\Temp (java.io.tmpdir)
2019-12-25 12:53:34,825 105    [  main] DEBUG til.internal.PlatformDependent  - -Dio.netty.bitMode: 64 (sun.arch.data.model)
2019-12-25 12:53:34,826 106    [  main] DEBUG til.internal.PlatformDependent  - -Dio.netty.maxDirectMemory: 4725932032 bytes
2019-12-25 12:53:34,826 106    [  main] DEBUG til.internal.PlatformDependent  - -Dio.netty.uninitializedArrayAllocationThreshold: -1
2019-12-25 12:53:34,828 108    [  main] DEBUG tty.util.internal.CleanerJava6  - java.nio.ByteBuffer.cleaner(): available
2019-12-25 12:53:34,828 108    [  main] DEBUG til.internal.PlatformDependent  - -Dio.netty.noPreferDirect: false
2019-12-25 12:53:34,846 126    [  main] DEBUG til.internal.PlatformDependent  - org.jctools-core.MpscChunkedArrayQueue: available
2019-12-25 12:53:40,335 0      [  main] DEBUG .logging.InternalLoggerFactory  - Using SLF4J as the default logging framework
2019-12-25 12:53:40,341 6      [  main] DEBUG nnel.MultithreadEventLoopGroup  - -Dio.netty.eventLoopThreads: 8
2019-12-25 12:53:40,410 75     [  main] DEBUG nternal.InternalThreadLocalMap  - -Dio.netty.threadLocalMap.stringBuilder.initialSize: 1024
2019-12-25 12:53:40,410 75     [  main] DEBUG nternal.InternalThreadLocalMap  - -Dio.netty.threadLocalMap.stringBuilder.maxSize: 4096
2019-12-25 12:53:40,419 84     [  main] DEBUG netty.channel.nio.NioEventLoop  - -Dio.netty.noKeySetOptimization: false
2019-12-25 12:53:40,419 84     [  main] DEBUG netty.channel.nio.NioEventLoop  - -Dio.netty.selectorAutoRebuildThreshold: 512
2019-12-25 12:53:40,442 107    [  main] DEBUG til.internal.PlatformDependent  - Platform: Windows
2019-12-25 12:53:40,445 110    [  main] DEBUG il.internal.PlatformDependent0  - -Dio.netty.noUnsafe: false
2019-12-25 12:53:40,445 110    [  main] DEBUG il.internal.PlatformDependent0  - Java version: 8
2019-12-25 12:53:40,447 112    [  main] DEBUG il.internal.PlatformDependent0  - sun.misc.Unsafe.theUnsafe: available
2019-12-25 12:53:40,448 113    [  main] DEBUG il.internal.PlatformDependent0  - sun.misc.Unsafe.copyMemory: available
2019-12-25 12:53:40,449 114    [  main] DEBUG il.internal.PlatformDependent0  - java.nio.Buffer.address: available
2019-12-25 12:53:40,449 114    [  main] DEBUG il.internal.PlatformDependent0  - direct buffer constructor: available
2019-12-25 12:53:40,450 115    [  main] DEBUG il.internal.PlatformDependent0  - java.nio.Bits.unaligned: available, true
2019-12-25 12:53:40,450 115    [  main] DEBUG il.internal.PlatformDependent0  - jdk.internal.misc.Unsafe.allocateUninitializedArray(int): unavailable prior to Java9
2019-12-25 12:53:40,450 115    [  main] DEBUG il.internal.PlatformDependent0  - java.nio.DirectByteBuffer.<init>(long, int): available
2019-12-25 12:53:40,450 115    [  main] DEBUG til.internal.PlatformDependent  - sun.misc.Unsafe: available
2019-12-25 12:53:40,451 116    [  main] DEBUG til.internal.PlatformDependent  - -Dio.netty.tmpdir: C:\Users\12986\AppData\Local\Temp (java.io.tmpdir)
2019-12-25 12:53:40,451 116    [  main] DEBUG til.internal.PlatformDependent  - -Dio.netty.bitMode: 64 (sun.arch.data.model)
2019-12-25 12:53:40,452 117    [  main] DEBUG til.internal.PlatformDependent  - -Dio.netty.maxDirectMemory: 4725932032 bytes
2019-12-25 12:53:40,453 118    [  main] DEBUG til.internal.PlatformDependent  - -Dio.netty.uninitializedArrayAllocationThreshold: -1
2019-12-25 12:53:40,454 119    [  main] DEBUG tty.util.internal.CleanerJava6  - java.nio.ByteBuffer.cleaner(): available
2019-12-25 12:53:40,454 119    [  main] DEBUG til.internal.PlatformDependent  - -Dio.netty.noPreferDirect: false
2019-12-25 12:53:40,472 137    [  main] DEBUG til.internal.PlatformDependent  - org.jctools-core.MpscChunkedArrayQueue: available
2019-12-25 12:54:02,312 0      [  main] DEBUG .logging.InternalLoggerFactory  - Using SLF4J as the default logging framework
2019-12-25 12:54:02,316 4      [  main] DEBUG nnel.MultithreadEventLoopGroup  - -Dio.netty.eventLoopThreads: 8
2019-12-25 12:54:02,374 62     [  main] DEBUG nternal.InternalThreadLocalMap  - -Dio.netty.threadLocalMap.stringBuilder.initialSize: 1024
2019-12-25 12:54:02,374 62     [  main] DEBUG nternal.InternalThreadLocalMap  - -Dio.netty.threadLocalMap.stringBuilder.maxSize: 4096
2019-12-25 12:54:02,382 70     [  main] DEBUG netty.channel.nio.NioEventLoop  - -Dio.netty.noKeySetOptimization: false
2019-12-25 12:54:02,383 71     [  main] DEBUG netty.channel.nio.NioEventLoop  - -Dio.netty.selectorAutoRebuildThreshold: 512
2019-12-25 12:54:02,406 94     [  main] DEBUG til.internal.PlatformDependent  - Platform: Windows
2019-12-25 12:54:02,408 96     [  main] DEBUG il.internal.PlatformDependent0  - -Dio.netty.noUnsafe: false
2019-12-25 12:54:02,408 96     [  main] DEBUG il.internal.PlatformDependent0  - Java version: 8
2019-12-25 12:54:02,410 98     [  main] DEBUG il.internal.PlatformDependent0  - sun.misc.Unsafe.theUnsafe: available
2019-12-25 12:54:02,411 99     [  main] DEBUG il.internal.PlatformDependent0  - sun.misc.Unsafe.copyMemory: available
2019-12-25 12:54:02,411 99     [  main] DEBUG il.internal.PlatformDependent0  - java.nio.Buffer.address: available
2019-12-25 12:54:02,412 100    [  main] DEBUG il.internal.PlatformDependent0  - direct buffer constructor: available
2019-12-25 12:54:02,413 101    [  main] DEBUG il.internal.PlatformDependent0  - java.nio.Bits.unaligned: available, true
2019-12-25 12:54:02,413 101    [  main] DEBUG il.internal.PlatformDependent0  - jdk.internal.misc.Unsafe.allocateUninitializedArray(int): unavailable prior to Java9
2019-12-25 12:54:02,413 101    [  main] DEBUG il.internal.PlatformDependent0  - java.nio.DirectByteBuffer.<init>(long, int): available
2019-12-25 12:54:02,413 101    [  main] DEBUG til.internal.PlatformDependent  - sun.misc.Unsafe: available
2019-12-25 12:54:02,414 102    [  main] DEBUG til.internal.PlatformDependent  - -Dio.netty.tmpdir: C:\Users\12986\AppData\Local\Temp (java.io.tmpdir)
2019-12-25 12:54:02,414 102    [  main] DEBUG til.internal.PlatformDependent  - -Dio.netty.bitMode: 64 (sun.arch.data.model)
2019-12-25 12:54:02,415 103    [  main] DEBUG til.internal.PlatformDependent  - -Dio.netty.maxDirectMemory: 4725932032 bytes
2019-12-25 12:54:02,416 104    [  main] DEBUG til.internal.PlatformDependent  - -Dio.netty.uninitializedArrayAllocationThreshold: -1
2019-12-25 12:54:02,417 105    [  main] DEBUG tty.util.internal.CleanerJava6  - java.nio.ByteBuffer.cleaner(): available
2019-12-25 12:54:02,417 105    [  main] DEBUG til.internal.PlatformDependent  - -Dio.netty.noPreferDirect: false
2019-12-25 12:54:02,442 130    [  main] DEBUG til.internal.PlatformDependent  - org.jctools-core.MpscChunkedArrayQueue: available
2019-12-25 12:54:02,959 647    [  main] DEBUG netty.channel.DefaultChannelId  - -Dio.netty.processId: 8680 (auto-detected)
2019-12-25 12:54:02,963 651    [  main] DEBUG          io.netty.util.NetUtil  - -Djava.net.preferIPv4Stack: false
2019-12-25 12:54:02,963 651    [  main] DEBUG          io.netty.util.NetUtil  - -Djava.net.preferIPv6Addresses: false
2019-12-25 12:54:03,260 948    [  main] DEBUG          io.netty.util.NetUtil  - Loopback interface: lo (Software Loopback Interface 1, 127.0.0.1)
2019-12-25 12:54:03,262 950    [  main] DEBUG          io.netty.util.NetUtil  - Failed to get SOMAXCONN from sysctl and file \proc\sys\net\core\somaxconn. Default: 200
2019-12-25 12:54:03,727 1415   [  main] DEBUG netty.channel.DefaultChannelId  - -Dio.netty.machineId: 00:50:56:ff:fe:c0:00:08 (auto-detected)
2019-12-25 12:54:03,748 1436   [  main] DEBUG etty.util.ResourceLeakDetector  - -Dio.netty.leakDetection.level: simple
2019-12-25 12:54:03,748 1436   [  main] DEBUG etty.util.ResourceLeakDetector  - -Dio.netty.leakDetection.targetRecords: 4
2019-12-25 12:54:03,795 1483   [  main] DEBUG .buffer.PooledByteBufAllocator  - -Dio.netty.allocator.numHeapArenas: 8
2019-12-25 12:54:03,796 1484   [  main] DEBUG .buffer.PooledByteBufAllocator  - -Dio.netty.allocator.numDirectArenas: 8
2019-12-25 12:54:03,796 1484   [  main] DEBUG .buffer.PooledByteBufAllocator  - -Dio.netty.allocator.pageSize: 8192
2019-12-25 12:54:03,796 1484   [  main] DEBUG .buffer.PooledByteBufAllocator  - -Dio.netty.allocator.maxOrder: 11
2019-12-25 12:54:03,796 1484   [  main] DEBUG .buffer.PooledByteBufAllocator  - -Dio.netty.allocator.chunkSize: 16777216
2019-12-25 12:54:03,796 1484   [  main] DEBUG .buffer.PooledByteBufAllocator  - -Dio.netty.allocator.tinyCacheSize: 512
2019-12-25 12:54:03,796 1484   [  main] DEBUG .buffer.PooledByteBufAllocator  - -Dio.netty.allocator.smallCacheSize: 256
2019-12-25 12:54:03,796 1484   [  main] DEBUG .buffer.PooledByteBufAllocator  - -Dio.netty.allocator.normalCacheSize: 64
2019-12-25 12:54:03,796 1484   [  main] DEBUG .buffer.PooledByteBufAllocator  - -Dio.netty.allocator.maxCachedBufferCapacity: 32768
2019-12-25 12:54:03,796 1484   [  main] DEBUG .buffer.PooledByteBufAllocator  - -Dio.netty.allocator.cacheTrimInterval: 8192
2019-12-25 12:54:03,796 1484   [  main] DEBUG .buffer.PooledByteBufAllocator  - -Dio.netty.allocator.cacheTrimIntervalMillis: 0
2019-12-25 12:54:03,796 1484   [  main] DEBUG .buffer.PooledByteBufAllocator  - -Dio.netty.allocator.useCacheForAllThreads: true
2019-12-25 12:54:03,796 1484   [  main] DEBUG .buffer.PooledByteBufAllocator  - -Dio.netty.allocator.maxCachedByteBuffersPerChunk: 1023
2019-12-25 12:54:03,806 1494   [  main] DEBUG    io.netty.buffer.ByteBufUtil  - -Dio.netty.allocator.type: pooled
2019-12-25 12:54:03,806 1494   [  main] DEBUG    io.netty.buffer.ByteBufUtil  - -Dio.netty.threadLocalDirectBufferSize: 0
2019-12-25 12:54:03,806 1494   [  main] DEBUG    io.netty.buffer.ByteBufUtil  - -Dio.netty.maxThreadLocalCharBufferSize: 16384
2019-12-25 12:54:03,829 1517   [  main] INFO       com.http.netty.HttpServer  - 服务器启动成功 , URL : http://0.0.0.0:8888 
2019-12-25 12:54:11,542 9230   [read-2] DEBUG o.netty.buffer.AbstractByteBuf  - -Dio.netty.buffer.checkAccessible: true
2019-12-25 12:54:11,542 9230   [read-2] DEBUG o.netty.buffer.AbstractByteBuf  - -Dio.netty.buffer.checkBounds: true
2019-12-25 12:54:11,544 9232   [read-2] DEBUG il.ResourceLeakDetectorFactory  - Loaded default ResourceLeakDetector: io.netty.util.ResourceLeakDetector@56824fc1
2019-12-25 12:54:11,582 9270   [read-1] DEBUG         io.netty.util.Recycler  - -Dio.netty.recycler.maxCapacityPerThread: 4096
2019-12-25 12:54:11,582 9270   [read-1] DEBUG         io.netty.util.Recycler  - -Dio.netty.recycler.maxSharedCapacityFactor: 2
2019-12-25 12:54:11,582 9270   [read-1] DEBUG         io.netty.util.Recycler  - -Dio.netty.recycler.linkCapacity: 16
2019-12-25 12:54:11,582 9270   [read-1] DEBUG         io.netty.util.Recycler  - -Dio.netty.recycler.ratio: 8
2019-12-25 12:59:34,317 0      [  main] DEBUG .logging.InternalLoggerFactory  - Using SLF4J as the default logging framework
2019-12-25 12:59:34,325 8      [  main] DEBUG nnel.MultithreadEventLoopGroup  - -Dio.netty.eventLoopThreads: 8
2019-12-25 12:59:34,367 50     [  main] DEBUG nternal.InternalThreadLocalMap  - -Dio.netty.threadLocalMap.stringBuilder.initialSize: 1024
2019-12-25 12:59:34,367 50     [  main] DEBUG nternal.InternalThreadLocalMap  - -Dio.netty.threadLocalMap.stringBuilder.maxSize: 4096
2019-12-25 12:59:34,377 60     [  main] DEBUG netty.channel.nio.NioEventLoop  - -Dio.netty.noKeySetOptimization: false
2019-12-25 12:59:34,377 60     [  main] DEBUG netty.channel.nio.NioEventLoop  - -Dio.netty.selectorAutoRebuildThreshold: 512
2019-12-25 12:59:34,403 86     [  main] DEBUG til.internal.PlatformDependent  - Platform: Windows
2019-12-25 12:59:34,405 88     [  main] DEBUG il.internal.PlatformDependent0  - -Dio.netty.noUnsafe: false
2019-12-25 12:59:34,406 89     [  main] DEBUG il.internal.PlatformDependent0  - Java version: 8
2019-12-25 12:59:34,408 91     [  main] DEBUG il.internal.PlatformDependent0  - sun.misc.Unsafe.theUnsafe: available
2019-12-25 12:59:34,408 91     [  main] DEBUG il.internal.PlatformDependent0  - sun.misc.Unsafe.copyMemory: available
2019-12-25 12:59:34,409 92     [  main] DEBUG il.internal.PlatformDependent0  - java.nio.Buffer.address: available
2019-12-25 12:59:34,409 92     [  main] DEBUG il.internal.PlatformDependent0  - direct buffer constructor: available
2019-12-25 12:59:34,410 93     [  main] DEBUG il.internal.PlatformDependent0  - java.nio.Bits.unaligned: available, true
2019-12-25 12:59:34,410 93     [  main] DEBUG il.internal.PlatformDependent0  - jdk.internal.misc.Unsafe.allocateUninitializedArray(int): unavailable prior to Java9
2019-12-25 12:59:34,410 93     [  main] DEBUG il.internal.PlatformDependent0  - java.nio.DirectByteBuffer.<init>(long, int): available
2019-12-25 12:59:34,411 94     [  main] DEBUG til.internal.PlatformDependent  - sun.misc.Unsafe: available
2019-12-25 12:59:34,411 94     [  main] DEBUG til.internal.PlatformDependent  - -Dio.netty.tmpdir: C:\Users\12986\AppData\Local\Temp (java.io.tmpdir)
2019-12-25 12:59:34,411 94     [  main] DEBUG til.internal.PlatformDependent  - -Dio.netty.bitMode: 64 (sun.arch.data.model)
2019-12-25 12:59:34,413 96     [  main] DEBUG til.internal.PlatformDependent  - -Dio.netty.maxDirectMemory: 4725932032 bytes
2019-12-25 12:59:34,413 96     [  main] DEBUG til.internal.PlatformDependent  - -Dio.netty.uninitializedArrayAllocationThreshold: -1
2019-12-25 12:59:34,414 97     [  main] DEBUG tty.util.internal.CleanerJava6  - java.nio.ByteBuffer.cleaner(): available
2019-12-25 12:59:34,414 97     [  main] DEBUG til.internal.PlatformDependent  - -Dio.netty.noPreferDirect: false
2019-12-25 12:59:34,430 113    [  main] DEBUG til.internal.PlatformDependent  - org.jctools-core.MpscChunkedArrayQueue: available
2019-12-25 12:59:34,875 558    [  main] DEBUG netty.channel.DefaultChannelId  - -Dio.netty.processId: 9796 (auto-detected)
2019-12-25 12:59:34,878 561    [  main] DEBUG          io.netty.util.NetUtil  - -Djava.net.preferIPv4Stack: false
2019-12-25 12:59:34,878 561    [  main] DEBUG          io.netty.util.NetUtil  - -Djava.net.preferIPv6Addresses: false
2019-12-25 12:59:35,152 835    [  main] DEBUG          io.netty.util.NetUtil  - Loopback interface: lo (Software Loopback Interface 1, 127.0.0.1)
2019-12-25 12:59:35,153 836    [  main] DEBUG          io.netty.util.NetUtil  - Failed to get SOMAXCONN from sysctl and file \proc\sys\net\core\somaxconn. Default: 200
2019-12-25 12:59:35,582 1265   [  main] DEBUG netty.channel.DefaultChannelId  - -Dio.netty.machineId: 00:50:56:ff:fe:c0:00:08 (auto-detected)
2019-12-25 12:59:35,598 1281   [  main] DEBUG etty.util.ResourceLeakDetector  - -Dio.netty.leakDetection.level: simple
2019-12-25 12:59:35,598 1281   [  main] DEBUG etty.util.ResourceLeakDetector  - -Dio.netty.leakDetection.targetRecords: 4
2019-12-25 12:59:35,647 1330   [  main] DEBUG .buffer.PooledByteBufAllocator  - -Dio.netty.allocator.numHeapArenas: 8
2019-12-25 12:59:35,647 1330   [  main] DEBUG .buffer.PooledByteBufAllocator  - -Dio.netty.allocator.numDirectArenas: 8
2019-12-25 12:59:35,647 1330   [  main] DEBUG .buffer.PooledByteBufAllocator  - -Dio.netty.allocator.pageSize: 8192
2019-12-25 12:59:35,647 1330   [  main] DEBUG .buffer.PooledByteBufAllocator  - -Dio.netty.allocator.maxOrder: 11
2019-12-25 12:59:35,647 1330   [  main] DEBUG .buffer.PooledByteBufAllocator  - -Dio.netty.allocator.chunkSize: 16777216
2019-12-25 12:59:35,647 1330   [  main] DEBUG .buffer.PooledByteBufAllocator  - -Dio.netty.allocator.tinyCacheSize: 512
2019-12-25 12:59:35,648 1331   [  main] DEBUG .buffer.PooledByteBufAllocator  - -Dio.netty.allocator.smallCacheSize: 256
2019-12-25 12:59:35,648 1331   [  main] DEBUG .buffer.PooledByteBufAllocator  - -Dio.netty.allocator.normalCacheSize: 64
2019-12-25 12:59:35,648 1331   [  main] DEBUG .buffer.PooledByteBufAllocator  - -Dio.netty.allocator.maxCachedBufferCapacity: 32768
2019-12-25 12:59:35,648 1331   [  main] DEBUG .buffer.PooledByteBufAllocator  - -Dio.netty.allocator.cacheTrimInterval: 8192
2019-12-25 12:59:35,648 1331   [  main] DEBUG .buffer.PooledByteBufAllocator  - -Dio.netty.allocator.cacheTrimIntervalMillis: 0
2019-12-25 12:59:35,648 1331   [  main] DEBUG .buffer.PooledByteBufAllocator  - -Dio.netty.allocator.useCacheForAllThreads: true
2019-12-25 12:59:35,648 1331   [  main] DEBUG .buffer.PooledByteBufAllocator  - -Dio.netty.allocator.maxCachedByteBuffersPerChunk: 1023
2019-12-25 12:59:35,659 1342   [  main] DEBUG    io.netty.buffer.ByteBufUtil  - -Dio.netty.allocator.type: pooled
2019-12-25 12:59:35,659 1342   [  main] DEBUG    io.netty.buffer.ByteBufUtil  - -Dio.netty.threadLocalDirectBufferSize: 0
2019-12-25 12:59:35,659 1342   [  main] DEBUG    io.netty.buffer.ByteBufUtil  - -Dio.netty.maxThreadLocalCharBufferSize: 16384
2019-12-25 12:59:35,684 1367   [  main] INFO       com.http.netty.HttpServer  - 服务器启动成功 , URL : http://0.0.0.0:8888 
2019-12-25 13:00:02,930 0      [  main] DEBUG .logging.InternalLoggerFactory  - Using SLF4J as the default logging framework
2019-12-25 13:00:02,937 7      [  main] DEBUG nnel.MultithreadEventLoopGroup  - -Dio.netty.eventLoopThreads: 8
2019-12-25 13:00:02,992 62     [  main] DEBUG nternal.InternalThreadLocalMap  - -Dio.netty.threadLocalMap.stringBuilder.initialSize: 1024
2019-12-25 13:00:02,992 62     [  main] DEBUG nternal.InternalThreadLocalMap  - -Dio.netty.threadLocalMap.stringBuilder.maxSize: 4096
2019-12-25 13:00:03,004 74     [  main] DEBUG netty.channel.nio.NioEventLoop  - -Dio.netty.noKeySetOptimization: false
2019-12-25 13:00:03,004 74     [  main] DEBUG netty.channel.nio.NioEventLoop  - -Dio.netty.selectorAutoRebuildThreshold: 512
2019-12-25 13:00:03,027 97     [  main] DEBUG til.internal.PlatformDependent  - Platform: Windows
2019-12-25 13:00:03,029 99     [  main] DEBUG il.internal.PlatformDependent0  - -Dio.netty.noUnsafe: false
2019-12-25 13:00:03,030 100    [  main] DEBUG il.internal.PlatformDependent0  - Java version: 8
2019-12-25 13:00:03,032 102    [  main] DEBUG il.internal.PlatformDependent0  - sun.misc.Unsafe.theUnsafe: available
2019-12-25 13:00:03,033 103    [  main] DEBUG il.internal.PlatformDependent0  - sun.misc.Unsafe.copyMemory: available
2019-12-25 13:00:03,033 103    [  main] DEBUG il.internal.PlatformDependent0  - java.nio.Buffer.address: available
2019-12-25 13:00:03,034 104    [  main] DEBUG il.internal.PlatformDependent0  - direct buffer constructor: available
2019-12-25 13:00:03,035 105    [  main] DEBUG il.internal.PlatformDependent0  - java.nio.Bits.unaligned: available, true
2019-12-25 13:00:03,035 105    [  main] DEBUG il.internal.PlatformDependent0  - jdk.internal.misc.Unsafe.allocateUninitializedArray(int): unavailable prior to Java9
2019-12-25 13:00:03,035 105    [  main] DEBUG il.internal.PlatformDependent0  - java.nio.DirectByteBuffer.<init>(long, int): available
2019-12-25 13:00:03,035 105    [  main] DEBUG til.internal.PlatformDependent  - sun.misc.Unsafe: available
2019-12-25 13:00:03,036 106    [  main] DEBUG til.internal.PlatformDependent  - -Dio.netty.tmpdir: C:\Users\12986\AppData\Local\Temp (java.io.tmpdir)
2019-12-25 13:00:03,036 106    [  main] DEBUG til.internal.PlatformDependent  - -Dio.netty.bitMode: 64 (sun.arch.data.model)
2019-12-25 13:00:03,037 107    [  main] DEBUG til.internal.PlatformDependent  - -Dio.netty.maxDirectMemory: 4725932032 bytes
2019-12-25 13:00:03,037 107    [  main] DEBUG til.internal.PlatformDependent  - -Dio.netty.uninitializedArrayAllocationThreshold: -1
2019-12-25 13:00:03,038 108    [  main] DEBUG tty.util.internal.CleanerJava6  - java.nio.ByteBuffer.cleaner(): available
2019-12-25 13:00:03,039 109    [  main] DEBUG til.internal.PlatformDependent  - -Dio.netty.noPreferDirect: false
2019-12-25 13:00:03,055 125    [  main] DEBUG til.internal.PlatformDependent  - org.jctools-core.MpscChunkedArrayQueue: available
2019-12-25 13:00:03,507 577    [  main] DEBUG netty.channel.DefaultChannelId  - -Dio.netty.processId: 13080 (auto-detected)
2019-12-25 13:00:03,509 579    [  main] DEBUG          io.netty.util.NetUtil  - -Djava.net.preferIPv4Stack: false
2019-12-25 13:00:03,509 579    [  main] DEBUG          io.netty.util.NetUtil  - -Djava.net.preferIPv6Addresses: false
2019-12-25 13:00:03,781 851    [  main] DEBUG          io.netty.util.NetUtil  - Loopback interface: lo (Software Loopback Interface 1, 127.0.0.1)
2019-12-25 13:00:03,782 852    [  main] DEBUG          io.netty.util.NetUtil  - Failed to get SOMAXCONN from sysctl and file \proc\sys\net\core\somaxconn. Default: 200
2019-12-25 13:00:04,217 1287   [  main] DEBUG netty.channel.DefaultChannelId  - -Dio.netty.machineId: 00:50:56:ff:fe:c0:00:08 (auto-detected)
2019-12-25 13:00:04,231 1301   [  main] DEBUG etty.util.ResourceLeakDetector  - -Dio.netty.leakDetection.level: simple
2019-12-25 13:00:04,231 1301   [  main] DEBUG etty.util.ResourceLeakDetector  - -Dio.netty.leakDetection.targetRecords: 4
2019-12-25 13:00:04,279 1349   [  main] DEBUG .buffer.PooledByteBufAllocator  - -Dio.netty.allocator.numHeapArenas: 8
2019-12-25 13:00:04,279 1349   [  main] DEBUG .buffer.PooledByteBufAllocator  - -Dio.netty.allocator.numDirectArenas: 8
2019-12-25 13:00:04,279 1349   [  main] DEBUG .buffer.PooledByteBufAllocator  - -Dio.netty.allocator.pageSize: 8192
2019-12-25 13:00:04,279 1349   [  main] DEBUG .buffer.PooledByteBufAllocator  - -Dio.netty.allocator.maxOrder: 11
2019-12-25 13:00:04,279 1349   [  main] DEBUG .buffer.PooledByteBufAllocator  - -Dio.netty.allocator.chunkSize: 16777216
2019-12-25 13:00:04,279 1349   [  main] DEBUG .buffer.PooledByteBufAllocator  - -Dio.netty.allocator.tinyCacheSize: 512
2019-12-25 13:00:04,279 1349   [  main] DEBUG .buffer.PooledByteBufAllocator  - -Dio.netty.allocator.smallCacheSize: 256
2019-12-25 13:00:04,279 1349   [  main] DEBUG .buffer.PooledByteBufAllocator  - -Dio.netty.allocator.normalCacheSize: 64
2019-12-25 13:00:04,280 1350   [  main] DEBUG .buffer.PooledByteBufAllocator  - -Dio.netty.allocator.maxCachedBufferCapacity: 32768
2019-12-25 13:00:04,280 1350   [  main] DEBUG .buffer.PooledByteBufAllocator  - -Dio.netty.allocator.cacheTrimInterval: 8192
2019-12-25 13:00:04,280 1350   [  main] DEBUG .buffer.PooledByteBufAllocator  - -Dio.netty.allocator.cacheTrimIntervalMillis: 0
2019-12-25 13:00:04,280 1350   [  main] DEBUG .buffer.PooledByteBufAllocator  - -Dio.netty.allocator.useCacheForAllThreads: true
2019-12-25 13:00:04,280 1350   [  main] DEBUG .buffer.PooledByteBufAllocator  - -Dio.netty.allocator.maxCachedByteBuffersPerChunk: 1023
2019-12-25 13:00:04,289 1359   [  main] DEBUG    io.netty.buffer.ByteBufUtil  - -Dio.netty.allocator.type: pooled
2019-12-25 13:00:04,289 1359   [  main] DEBUG    io.netty.buffer.ByteBufUtil  - -Dio.netty.threadLocalDirectBufferSize: 0
2019-12-25 13:00:04,289 1359   [  main] DEBUG    io.netty.buffer.ByteBufUtil  - -Dio.netty.maxThreadLocalCharBufferSize: 16384
2019-12-25 13:00:04,307 1377   [  main] INFO       com.http.netty.HttpServer  - 服务器启动成功 , URL : http://0.0.0.0:8888 
